{"C:\\Users\\kevin\\github\\QAS\\backend\\out\\server.js": {"path":"C:\\Users\\kevin\\github\\QAS\\backend\\out\\server.js","statementMap":{"0":{"start":{"line":2,"column":16},"end":{"line":10,"column":1}},"1":{"start":{"line":3,"column":28},"end":{"line":3,"column":110}},"2":{"start":{"line":3,"column":91},"end":{"line":3,"column":106}},"3":{"start":{"line":4,"column":4},"end":{"line":9,"column":7}},"4":{"start":{"line":5,"column":36},"end":{"line":5,"column":97}},"5":{"start":{"line":5,"column":42},"end":{"line":5,"column":70}},"6":{"start":{"line":5,"column":85},"end":{"line":5,"column":95}},"7":{"start":{"line":6,"column":35},"end":{"line":6,"column":100}},"8":{"start":{"line":6,"column":41},"end":{"line":6,"column":73}},"9":{"start":{"line":6,"column":88},"end":{"line":6,"column":98}},"10":{"start":{"line":7,"column":32},"end":{"line":7,"column":116}},"11":{"start":{"line":8,"column":8},"end":{"line":8,"column":78}},"12":{"start":{"line":11,"column":18},"end":{"line":37,"column":1}},"13":{"start":{"line":12,"column":12},"end":{"line":12,"column":104}},"14":{"start":{"line":12,"column":43},"end":{"line":12,"column":68}},"15":{"start":{"line":12,"column":57},"end":{"line":12,"column":68}},"16":{"start":{"line":12,"column":69},"end":{"line":12,"column":81}},"17":{"start":{"line":13,"column":4},"end":{"line":13,"column":157}},"18":{"start":{"line":13,"column":138},"end":{"line":13,"column":150}},"19":{"start":{"line":14,"column":23},"end":{"line":14,"column":68}},"20":{"start":{"line":14,"column":45},"end":{"line":14,"column":65}},"21":{"start":{"line":16,"column":8},"end":{"line":16,"column":70}},"22":{"start":{"line":16,"column":15},"end":{"line":16,"column":70}},"23":{"start":{"line":17,"column":8},"end":{"line":34,"column":66}},"24":{"start":{"line":17,"column":18},"end":{"line":34,"column":66}},"25":{"start":{"line":18,"column":12},"end":{"line":18,"column":169}},"26":{"start":{"line":18,"column":160},"end":{"line":18,"column":169}},"27":{"start":{"line":19,"column":12},"end":{"line":19,"column":52}},"28":{"start":{"line":19,"column":26},"end":{"line":19,"column":52}},"29":{"start":{"line":20,"column":12},"end":{"line":32,"column":13}},"30":{"start":{"line":21,"column":32},"end":{"line":21,"column":39}},"31":{"start":{"line":21,"column":40},"end":{"line":21,"column":46}},"32":{"start":{"line":22,"column":24},"end":{"line":22,"column":34}},"33":{"start":{"line":22,"column":35},"end":{"line":22,"column":72}},"34":{"start":{"line":23,"column":24},"end":{"line":23,"column":34}},"35":{"start":{"line":23,"column":35},"end":{"line":23,"column":45}},"36":{"start":{"line":23,"column":46},"end":{"line":23,"column":55}},"37":{"start":{"line":23,"column":56},"end":{"line":23,"column":65}},"38":{"start":{"line":24,"column":24},"end":{"line":24,"column":41}},"39":{"start":{"line":24,"column":42},"end":{"line":24,"column":55}},"40":{"start":{"line":24,"column":56},"end":{"line":24,"column":65}},"41":{"start":{"line":26,"column":20},"end":{"line":26,"column":128}},"42":{"start":{"line":26,"column":110},"end":{"line":26,"column":116}},"43":{"start":{"line":26,"column":117},"end":{"line":26,"column":126}},"44":{"start":{"line":27,"column":20},"end":{"line":27,"column":106}},"45":{"start":{"line":27,"column":81},"end":{"line":27,"column":97}},"46":{"start":{"line":27,"column":98},"end":{"line":27,"column":104}},"47":{"start":{"line":28,"column":20},"end":{"line":28,"column":89}},"48":{"start":{"line":28,"column":57},"end":{"line":28,"column":72}},"49":{"start":{"line":28,"column":73},"end":{"line":28,"column":80}},"50":{"start":{"line":28,"column":81},"end":{"line":28,"column":87}},"51":{"start":{"line":29,"column":20},"end":{"line":29,"column":87}},"52":{"start":{"line":29,"column":47},"end":{"line":29,"column":62}},"53":{"start":{"line":29,"column":63},"end":{"line":29,"column":78}},"54":{"start":{"line":29,"column":79},"end":{"line":29,"column":85}},"55":{"start":{"line":30,"column":20},"end":{"line":30,"column":42}},"56":{"start":{"line":30,"column":30},"end":{"line":30,"column":42}},"57":{"start":{"line":31,"column":20},"end":{"line":31,"column":33}},"58":{"start":{"line":31,"column":34},"end":{"line":31,"column":43}},"59":{"start":{"line":33,"column":12},"end":{"line":33,"column":39}},"60":{"start":{"line":34,"column":22},"end":{"line":34,"column":34}},"61":{"start":{"line":34,"column":35},"end":{"line":34,"column":41}},"62":{"start":{"line":34,"column":54},"end":{"line":34,"column":64}},"63":{"start":{"line":35,"column":8},"end":{"line":35,"column":35}},"64":{"start":{"line":35,"column":23},"end":{"line":35,"column":35}},"65":{"start":{"line":35,"column":36},"end":{"line":35,"column":89}},"66":{"start":{"line":38,"column":22},"end":{"line":40,"column":1}},"67":{"start":{"line":39,"column":4},"end":{"line":39,"column":62}},"68":{"start":{"line":41,"column":0},"end":{"line":41,"column":62}},"69":{"start":{"line":42,"column":0},"end":{"line":42,"column":30}},"70":{"start":{"line":43,"column":16},"end":{"line":43,"column":51}},"71":{"start":{"line":44,"column":16},"end":{"line":44,"column":44}},"72":{"start":{"line":45,"column":15},"end":{"line":45,"column":58}},"73":{"start":{"line":46,"column":13},"end":{"line":46,"column":54}},"74":{"start":{"line":47,"column":17},"end":{"line":47,"column":62}},"75":{"start":{"line":48,"column":13},"end":{"line":50,"column":2}},"76":{"start":{"line":51,"column":19},"end":{"line":269,"column":1}},"77":{"start":{"line":52,"column":4},"end":{"line":52,"column":49}},"78":{"start":{"line":53,"column":4},"end":{"line":89,"column":7}},"79":{"start":{"line":54,"column":8},"end":{"line":56,"column":9}},"80":{"start":{"line":55,"column":12},"end":{"line":55,"column":31}},"81":{"start":{"line":57,"column":8},"end":{"line":57,"column":40}},"82":{"start":{"line":58,"column":20},"end":{"line":69,"column":10}},"83":{"start":{"line":70,"column":27},"end":{"line":80,"column":10}},"84":{"start":{"line":81,"column":25},"end":{"line":88,"column":10}},"85":{"start":{"line":90,"column":4},"end":{"line":94,"column":11}},"86":{"start":{"line":90,"column":52},"end":{"line":94,"column":7}},"87":{"start":{"line":91,"column":8},"end":{"line":93,"column":11}},"88":{"start":{"line":92,"column":12},"end":{"line":92,"column":75}},"89":{"start":{"line":96,"column":4},"end":{"line":114,"column":11}},"90":{"start":{"line":96,"column":58},"end":{"line":114,"column":7}},"91":{"start":{"line":98,"column":8},"end":{"line":113,"column":11}},"92":{"start":{"line":99,"column":12},"end":{"line":112,"column":13}},"93":{"start":{"line":101,"column":20},"end":{"line":101,"column":44}},"94":{"start":{"line":102,"column":20},"end":{"line":102,"column":93}},"95":{"start":{"line":104,"column":20},"end":{"line":104,"column":38}},"96":{"start":{"line":105,"column":20},"end":{"line":110,"column":21}},"97":{"start":{"line":106,"column":24},"end":{"line":106,"column":97}},"98":{"start":{"line":109,"column":24},"end":{"line":109,"column":113}},"99":{"start":{"line":111,"column":20},"end":{"line":111,"column":42}},"100":{"start":{"line":116,"column":4},"end":{"line":126,"column":11}},"101":{"start":{"line":116,"column":56},"end":{"line":126,"column":7}},"102":{"start":{"line":118,"column":8},"end":{"line":125,"column":11}},"103":{"start":{"line":119,"column":12},"end":{"line":124,"column":13}},"104":{"start":{"line":120,"column":24},"end":{"line":120,"column":72}},"105":{"start":{"line":122,"column":20},"end":{"line":122,"column":41}},"106":{"start":{"line":123,"column":20},"end":{"line":123,"column":90}},"107":{"start":{"line":127,"column":4},"end":{"line":137,"column":11}},"108":{"start":{"line":127,"column":54},"end":{"line":137,"column":7}},"109":{"start":{"line":129,"column":8},"end":{"line":136,"column":11}},"110":{"start":{"line":130,"column":12},"end":{"line":135,"column":13}},"111":{"start":{"line":131,"column":24},"end":{"line":131,"column":70}},"112":{"start":{"line":133,"column":20},"end":{"line":133,"column":39}},"113":{"start":{"line":134,"column":20},"end":{"line":134,"column":86}},"114":{"start":{"line":138,"column":4},"end":{"line":157,"column":11}},"115":{"start":{"line":138,"column":69},"end":{"line":157,"column":7}},"116":{"start":{"line":140,"column":8},"end":{"line":156,"column":11}},"117":{"start":{"line":141,"column":12},"end":{"line":155,"column":13}},"118":{"start":{"line":143,"column":20},"end":{"line":143,"column":43}},"119":{"start":{"line":144,"column":20},"end":{"line":144,"column":52}},"120":{"start":{"line":145,"column":20},"end":{"line":145,"column":83}},"121":{"start":{"line":147,"column":20},"end":{"line":147,"column":41}},"122":{"start":{"line":148,"column":20},"end":{"line":153,"column":21}},"123":{"start":{"line":149,"column":24},"end":{"line":149,"column":101}},"124":{"start":{"line":152,"column":24},"end":{"line":152,"column":94}},"125":{"start":{"line":154,"column":20},"end":{"line":154,"column":42}},"126":{"start":{"line":158,"column":4},"end":{"line":197,"column":11}},"127":{"start":{"line":158,"column":77},"end":{"line":197,"column":7}},"128":{"start":{"line":160,"column":8},"end":{"line":196,"column":11}},"129":{"start":{"line":161,"column":12},"end":{"line":195,"column":13}},"130":{"start":{"line":163,"column":20},"end":{"line":163,"column":43}},"131":{"start":{"line":164,"column":20},"end":{"line":164,"column":52}},"132":{"start":{"line":165,"column":20},"end":{"line":165,"column":83}},"133":{"start":{"line":167,"column":20},"end":{"line":167,"column":41}},"134":{"start":{"line":168,"column":20},"end":{"line":168,"column":70}},"135":{"start":{"line":168,"column":46},"end":{"line":168,"column":70}},"136":{"start":{"line":169,"column":20},"end":{"line":169,"column":97}},"137":{"start":{"line":171,"column":20},"end":{"line":171,"column":50}},"138":{"start":{"line":172,"column":20},"end":{"line":172,"column":63}},"139":{"start":{"line":172,"column":39},"end":{"line":172,"column":63}},"140":{"start":{"line":173,"column":20},"end":{"line":173,"column":85}},"141":{"start":{"line":175,"column":20},"end":{"line":179,"column":27}},"142":{"start":{"line":180,"column":20},"end":{"line":180,"column":33}},"143":{"start":{"line":181,"column":20},"end":{"line":181,"column":49}},"144":{"start":{"line":182,"column":20},"end":{"line":182,"column":33}},"145":{"start":{"line":184,"column":20},"end":{"line":184,"column":67}},"146":{"start":{"line":184,"column":43},"end":{"line":184,"column":67}},"147":{"start":{"line":185,"column":20},"end":{"line":185,"column":33}},"148":{"start":{"line":186,"column":20},"end":{"line":186,"column":44}},"149":{"start":{"line":187,"column":20},"end":{"line":187,"column":73}},"150":{"start":{"line":189,"column":20},"end":{"line":189,"column":46}},"151":{"start":{"line":190,"column":20},"end":{"line":190,"column":33}},"152":{"start":{"line":192,"column":20},"end":{"line":192,"column":25}},"153":{"start":{"line":193,"column":20},"end":{"line":193,"column":44}},"154":{"start":{"line":194,"column":24},"end":{"line":194,"column":90}},"155":{"start":{"line":198,"column":4},"end":{"line":216,"column":11}},"156":{"start":{"line":198,"column":61},"end":{"line":216,"column":7}},"157":{"start":{"line":200,"column":8},"end":{"line":215,"column":11}},"158":{"start":{"line":201,"column":12},"end":{"line":214,"column":13}},"159":{"start":{"line":203,"column":20},"end":{"line":203,"column":44}},"160":{"start":{"line":204,"column":20},"end":{"line":204,"column":78}},"161":{"start":{"line":206,"column":20},"end":{"line":206,"column":41}},"162":{"start":{"line":207,"column":20},"end":{"line":212,"column":21}},"163":{"start":{"line":208,"column":24},"end":{"line":208,"column":105}},"164":{"start":{"line":211,"column":24},"end":{"line":211,"column":94}},"165":{"start":{"line":213,"column":20},"end":{"line":213,"column":42}},"166":{"start":{"line":217,"column":4},"end":{"line":244,"column":11}},"167":{"start":{"line":217,"column":80},"end":{"line":244,"column":7}},"168":{"start":{"line":219,"column":8},"end":{"line":243,"column":11}},"169":{"start":{"line":220,"column":12},"end":{"line":242,"column":13}},"170":{"start":{"line":222,"column":20},"end":{"line":222,"column":43}},"171":{"start":{"line":223,"column":20},"end":{"line":223,"column":52}},"172":{"start":{"line":224,"column":20},"end":{"line":224,"column":90}},"173":{"start":{"line":226,"column":20},"end":{"line":226,"column":41}},"174":{"start":{"line":227,"column":20},"end":{"line":227,"column":70}},"175":{"start":{"line":227,"column":46},"end":{"line":227,"column":70}},"176":{"start":{"line":228,"column":20},"end":{"line":228,"column":97}},"177":{"start":{"line":230,"column":20},"end":{"line":230,"column":44}},"178":{"start":{"line":231,"column":20},"end":{"line":231,"column":76}},"179":{"start":{"line":233,"column":20},"end":{"line":233,"column":39}},"180":{"start":{"line":234,"column":20},"end":{"line":234,"column":68}},"181":{"start":{"line":234,"column":44},"end":{"line":234,"column":68}},"182":{"start":{"line":235,"column":20},"end":{"line":235,"column":99}},"183":{"start":{"line":237,"column":20},"end":{"line":237,"column":53}},"184":{"start":{"line":238,"column":20},"end":{"line":238,"column":58}},"185":{"start":{"line":240,"column":20},"end":{"line":240,"column":30}},"186":{"start":{"line":241,"column":20},"end":{"line":241,"column":86}},"187":{"start":{"line":248,"column":4},"end":{"line":267,"column":11}},"188":{"start":{"line":248,"column":76},"end":{"line":267,"column":7}},"189":{"start":{"line":250,"column":8},"end":{"line":266,"column":11}},"190":{"start":{"line":251,"column":12},"end":{"line":251,"column":35}},"191":{"start":{"line":252,"column":12},"end":{"line":252,"column":36}},"192":{"start":{"line":253,"column":12},"end":{"line":253,"column":38}},"193":{"start":{"line":254,"column":12},"end":{"line":254,"column":33}},"194":{"start":{"line":255,"column":12},"end":{"line":255,"column":34}},"195":{"start":{"line":256,"column":12},"end":{"line":264,"column":13}},"196":{"start":{"line":257,"column":16},"end":{"line":257,"column":89}},"197":{"start":{"line":259,"column":17},"end":{"line":264,"column":13}},"198":{"start":{"line":260,"column":16},"end":{"line":260,"column":94}},"199":{"start":{"line":263,"column":16},"end":{"line":263,"column":93}},"200":{"start":{"line":265,"column":12},"end":{"line":265,"column":34}},"201":{"start":{"line":268,"column":4},"end":{"line":268,"column":18}},"202":{"start":{"line":270,"column":0},"end":{"line":270,"column":36}}},"fnMap":{"0":{"name":"(anonymous_0)","decl":{"start":{"line":2,"column":44},"end":{"line":2,"column":45}},"loc":{"start":{"line":2,"column":89},"end":{"line":10,"column":1}},"line":2},"1":{"name":"adopt","decl":{"start":{"line":3,"column":13},"end":{"line":3,"column":18}},"loc":{"start":{"line":3,"column":26},"end":{"line":3,"column":112}},"line":3},"2":{"name":"(anonymous_2)","decl":{"start":{"line":3,"column":70},"end":{"line":3,"column":71}},"loc":{"start":{"line":3,"column":89},"end":{"line":3,"column":108}},"line":3},"3":{"name":"(anonymous_3)","decl":{"start":{"line":4,"column":36},"end":{"line":4,"column":37}},"loc":{"start":{"line":4,"column":63},"end":{"line":9,"column":5}},"line":4},"4":{"name":"fulfilled","decl":{"start":{"line":5,"column":17},"end":{"line":5,"column":26}},"loc":{"start":{"line":5,"column":34},"end":{"line":5,"column":99}},"line":5},"5":{"name":"rejected","decl":{"start":{"line":6,"column":17},"end":{"line":6,"column":25}},"loc":{"start":{"line":6,"column":33},"end":{"line":6,"column":102}},"line":6},"6":{"name":"step","decl":{"start":{"line":7,"column":17},"end":{"line":7,"column":21}},"loc":{"start":{"line":7,"column":30},"end":{"line":7,"column":118}},"line":7},"7":{"name":"(anonymous_7)","decl":{"start":{"line":11,"column":48},"end":{"line":11,"column":49}},"loc":{"start":{"line":11,"column":73},"end":{"line":37,"column":1}},"line":11},"8":{"name":"(anonymous_8)","decl":{"start":{"line":12,"column":30},"end":{"line":12,"column":31}},"loc":{"start":{"line":12,"column":41},"end":{"line":12,"column":83}},"line":12},"9":{"name":"(anonymous_9)","decl":{"start":{"line":13,"column":125},"end":{"line":13,"column":126}},"loc":{"start":{"line":13,"column":136},"end":{"line":13,"column":152}},"line":13},"10":{"name":"verb","decl":{"start":{"line":14,"column":13},"end":{"line":14,"column":17}},"loc":{"start":{"line":14,"column":21},"end":{"line":14,"column":70}},"line":14},"11":{"name":"(anonymous_11)","decl":{"start":{"line":14,"column":30},"end":{"line":14,"column":31}},"loc":{"start":{"line":14,"column":43},"end":{"line":14,"column":67}},"line":14},"12":{"name":"step","decl":{"start":{"line":15,"column":13},"end":{"line":15,"column":17}},"loc":{"start":{"line":15,"column":22},"end":{"line":36,"column":5}},"line":15},"13":{"name":"(anonymous_13)","decl":{"start":{"line":38,"column":56},"end":{"line":38,"column":57}},"loc":{"start":{"line":38,"column":71},"end":{"line":40,"column":1}},"line":38},"14":{"name":"(anonymous_14)","decl":{"start":{"line":51,"column":19},"end":{"line":51,"column":20}},"loc":{"start":{"line":51,"column":35},"end":{"line":269,"column":1}},"line":51},"15":{"name":"(anonymous_15)","decl":{"start":{"line":53,"column":24},"end":{"line":53,"column":25}},"loc":{"start":{"line":53,"column":42},"end":{"line":89,"column":5}},"line":53},"16":{"name":"(anonymous_16)","decl":{"start":{"line":90,"column":24},"end":{"line":90,"column":25}},"loc":{"start":{"line":90,"column":50},"end":{"line":94,"column":9}},"line":90},"17":{"name":"(anonymous_17)","decl":{"start":{"line":90,"column":93},"end":{"line":90,"column":94}},"loc":{"start":{"line":90,"column":105},"end":{"line":94,"column":5}},"line":90},"18":{"name":"(anonymous_18)","decl":{"start":{"line":91,"column":33},"end":{"line":91,"column":34}},"loc":{"start":{"line":91,"column":47},"end":{"line":93,"column":9}},"line":91},"19":{"name":"(anonymous_19)","decl":{"start":{"line":96,"column":30},"end":{"line":96,"column":31}},"loc":{"start":{"line":96,"column":56},"end":{"line":114,"column":9}},"line":96},"20":{"name":"(anonymous_20)","decl":{"start":{"line":96,"column":99},"end":{"line":96,"column":100}},"loc":{"start":{"line":96,"column":111},"end":{"line":114,"column":5}},"line":96},"21":{"name":"(anonymous_21)","decl":{"start":{"line":98,"column":33},"end":{"line":98,"column":34}},"loc":{"start":{"line":98,"column":47},"end":{"line":113,"column":9}},"line":98},"22":{"name":"(anonymous_22)","decl":{"start":{"line":116,"column":28},"end":{"line":116,"column":29}},"loc":{"start":{"line":116,"column":54},"end":{"line":126,"column":9}},"line":116},"23":{"name":"(anonymous_23)","decl":{"start":{"line":116,"column":97},"end":{"line":116,"column":98}},"loc":{"start":{"line":116,"column":109},"end":{"line":126,"column":5}},"line":116},"24":{"name":"(anonymous_24)","decl":{"start":{"line":118,"column":33},"end":{"line":118,"column":34}},"loc":{"start":{"line":118,"column":47},"end":{"line":125,"column":9}},"line":118},"25":{"name":"(anonymous_25)","decl":{"start":{"line":127,"column":26},"end":{"line":127,"column":27}},"loc":{"start":{"line":127,"column":52},"end":{"line":137,"column":9}},"line":127},"26":{"name":"(anonymous_26)","decl":{"start":{"line":127,"column":95},"end":{"line":127,"column":96}},"loc":{"start":{"line":127,"column":107},"end":{"line":137,"column":5}},"line":127},"27":{"name":"(anonymous_27)","decl":{"start":{"line":129,"column":33},"end":{"line":129,"column":34}},"loc":{"start":{"line":129,"column":47},"end":{"line":136,"column":9}},"line":129},"28":{"name":"(anonymous_28)","decl":{"start":{"line":138,"column":41},"end":{"line":138,"column":42}},"loc":{"start":{"line":138,"column":67},"end":{"line":157,"column":9}},"line":138},"29":{"name":"(anonymous_29)","decl":{"start":{"line":138,"column":110},"end":{"line":138,"column":111}},"loc":{"start":{"line":138,"column":122},"end":{"line":157,"column":5}},"line":138},"30":{"name":"(anonymous_30)","decl":{"start":{"line":140,"column":33},"end":{"line":140,"column":34}},"loc":{"start":{"line":140,"column":47},"end":{"line":156,"column":9}},"line":140},"31":{"name":"(anonymous_31)","decl":{"start":{"line":158,"column":49},"end":{"line":158,"column":50}},"loc":{"start":{"line":158,"column":75},"end":{"line":197,"column":9}},"line":158},"32":{"name":"(anonymous_32)","decl":{"start":{"line":158,"column":118},"end":{"line":158,"column":119}},"loc":{"start":{"line":158,"column":130},"end":{"line":197,"column":5}},"line":158},"33":{"name":"(anonymous_33)","decl":{"start":{"line":160,"column":33},"end":{"line":160,"column":34}},"loc":{"start":{"line":160,"column":47},"end":{"line":196,"column":9}},"line":160},"34":{"name":"(anonymous_34)","decl":{"start":{"line":198,"column":33},"end":{"line":198,"column":34}},"loc":{"start":{"line":198,"column":59},"end":{"line":216,"column":9}},"line":198},"35":{"name":"(anonymous_35)","decl":{"start":{"line":198,"column":102},"end":{"line":198,"column":103}},"loc":{"start":{"line":198,"column":114},"end":{"line":216,"column":5}},"line":198},"36":{"name":"(anonymous_36)","decl":{"start":{"line":200,"column":33},"end":{"line":200,"column":34}},"loc":{"start":{"line":200,"column":47},"end":{"line":215,"column":9}},"line":200},"37":{"name":"(anonymous_37)","decl":{"start":{"line":217,"column":52},"end":{"line":217,"column":53}},"loc":{"start":{"line":217,"column":78},"end":{"line":244,"column":9}},"line":217},"38":{"name":"(anonymous_38)","decl":{"start":{"line":217,"column":121},"end":{"line":217,"column":122}},"loc":{"start":{"line":217,"column":133},"end":{"line":244,"column":5}},"line":217},"39":{"name":"(anonymous_39)","decl":{"start":{"line":219,"column":33},"end":{"line":219,"column":34}},"loc":{"start":{"line":219,"column":47},"end":{"line":243,"column":9}},"line":219},"40":{"name":"(anonymous_40)","decl":{"start":{"line":248,"column":48},"end":{"line":248,"column":49}},"loc":{"start":{"line":248,"column":74},"end":{"line":267,"column":9}},"line":248},"41":{"name":"(anonymous_41)","decl":{"start":{"line":248,"column":117},"end":{"line":248,"column":118}},"loc":{"start":{"line":248,"column":129},"end":{"line":267,"column":5}},"line":248},"42":{"name":"(anonymous_42)","decl":{"start":{"line":250,"column":33},"end":{"line":250,"column":34}},"loc":{"start":{"line":250,"column":47},"end":{"line":266,"column":9}},"line":250}},"branchMap":{"0":{"loc":{"start":{"line":2,"column":16},"end":{"line":10,"column":1}},"type":"binary-expr","locations":[{"start":{"line":2,"column":17},"end":{"line":2,"column":21}},{"start":{"line":2,"column":25},"end":{"line":2,"column":39}},{"start":{"line":2,"column":44},"end":{"line":10,"column":1}}],"line":2},"1":{"loc":{"start":{"line":3,"column":35},"end":{"line":3,"column":109}},"type":"cond-expr","locations":[{"start":{"line":3,"column":56},"end":{"line":3,"column":61}},{"start":{"line":3,"column":64},"end":{"line":3,"column":109}}],"line":3},"2":{"loc":{"start":{"line":4,"column":16},"end":{"line":4,"column":34}},"type":"binary-expr","locations":[{"start":{"line":4,"column":16},"end":{"line":4,"column":17}},{"start":{"line":4,"column":22},"end":{"line":4,"column":33}}],"line":4},"3":{"loc":{"start":{"line":7,"column":32},"end":{"line":7,"column":115}},"type":"cond-expr","locations":[{"start":{"line":7,"column":46},"end":{"line":7,"column":67}},{"start":{"line":7,"column":70},"end":{"line":7,"column":115}}],"line":7},"4":{"loc":{"start":{"line":8,"column":51},"end":{"line":8,"column":67}},"type":"binary-expr","locations":[{"start":{"line":8,"column":51},"end":{"line":8,"column":61}},{"start":{"line":8,"column":65},"end":{"line":8,"column":67}}],"line":8},"5":{"loc":{"start":{"line":11,"column":18},"end":{"line":37,"column":1}},"type":"binary-expr","locations":[{"start":{"line":11,"column":19},"end":{"line":11,"column":23}},{"start":{"line":11,"column":27},"end":{"line":11,"column":43}},{"start":{"line":11,"column":48},"end":{"line":37,"column":1}}],"line":11},"6":{"loc":{"start":{"line":12,"column":43},"end":{"line":12,"column":68}},"type":"if","locations":[{"start":{"line":12,"column":43},"end":{"line":12,"column":68}},{"start":{"line":12,"column":43},"end":{"line":12,"column":68}}],"line":12},"7":{"loc":{"start":{"line":13,"column":71},"end":{"line":13,"column":153}},"type":"binary-expr","locations":[{"start":{"line":13,"column":71},"end":{"line":13,"column":99}},{"start":{"line":13,"column":104},"end":{"line":13,"column":152}}],"line":13},"8":{"loc":{"start":{"line":16,"column":8},"end":{"line":16,"column":70}},"type":"if","locations":[{"start":{"line":16,"column":8},"end":{"line":16,"column":70}},{"start":{"line":16,"column":8},"end":{"line":16,"column":70}}],"line":16},"9":{"loc":{"start":{"line":18,"column":12},"end":{"line":18,"column":169}},"type":"if","locations":[{"start":{"line":18,"column":12},"end":{"line":18,"column":169}},{"start":{"line":18,"column":12},"end":{"line":18,"column":169}}],"line":18},"10":{"loc":{"start":{"line":18,"column":23},"end":{"line":18,"column":158}},"type":"binary-expr","locations":[{"start":{"line":18,"column":23},"end":{"line":18,"column":24}},{"start":{"line":18,"column":29},"end":{"line":18,"column":125}},{"start":{"line":18,"column":130},"end":{"line":18,"column":158}}],"line":18},"11":{"loc":{"start":{"line":18,"column":33},"end":{"line":18,"column":125}},"type":"cond-expr","locations":[{"start":{"line":18,"column":45},"end":{"line":18,"column":56}},{"start":{"line":18,"column":59},"end":{"line":18,"column":125}}],"line":18},"12":{"loc":{"start":{"line":18,"column":59},"end":{"line":18,"column":125}},"type":"cond-expr","locations":[{"start":{"line":18,"column":67},"end":{"line":18,"column":116}},{"start":{"line":18,"column":119},"end":{"line":18,"column":125}}],"line":18},"13":{"loc":{"start":{"line":18,"column":67},"end":{"line":18,"column":116}},"type":"binary-expr","locations":[{"start":{"line":18,"column":67},"end":{"line":18,"column":77}},{"start":{"line":18,"column":82},"end":{"line":18,"column":115}}],"line":18},"14":{"loc":{"start":{"line":18,"column":82},"end":{"line":18,"column":112}},"type":"binary-expr","locations":[{"start":{"line":18,"column":83},"end":{"line":18,"column":98}},{"start":{"line":18,"column":103},"end":{"line":18,"column":112}}],"line":18},"15":{"loc":{"start":{"line":19,"column":12},"end":{"line":19,"column":52}},"type":"if","locations":[{"start":{"line":19,"column":12},"end":{"line":19,"column":52}},{"start":{"line":19,"column":12},"end":{"line":19,"column":52}}],"line":19},"16":{"loc":{"start":{"line":20,"column":12},"end":{"line":32,"column":13}},"type":"switch","locations":[{"start":{"line":21,"column":16},"end":{"line":21,"column":23}},{"start":{"line":21,"column":24},"end":{"line":21,"column":46}},{"start":{"line":22,"column":16},"end":{"line":22,"column":72}},{"start":{"line":23,"column":16},"end":{"line":23,"column":65}},{"start":{"line":24,"column":16},"end":{"line":24,"column":65}},{"start":{"line":25,"column":16},"end":{"line":31,"column":43}}],"line":20},"17":{"loc":{"start":{"line":26,"column":20},"end":{"line":26,"column":128}},"type":"if","locations":[{"start":{"line":26,"column":20},"end":{"line":26,"column":128}},{"start":{"line":26,"column":20},"end":{"line":26,"column":128}}],"line":26},"18":{"loc":{"start":{"line":26,"column":24},"end":{"line":26,"column":106}},"type":"binary-expr","locations":[{"start":{"line":26,"column":24},"end":{"line":26,"column":74}},{"start":{"line":26,"column":79},"end":{"line":26,"column":90}},{"start":{"line":26,"column":94},"end":{"line":26,"column":105}}],"line":26},"19":{"loc":{"start":{"line":26,"column":42},"end":{"line":26,"column":73}},"type":"binary-expr","locations":[{"start":{"line":26,"column":42},"end":{"line":26,"column":54}},{"start":{"line":26,"column":58},"end":{"line":26,"column":73}}],"line":26},"20":{"loc":{"start":{"line":27,"column":20},"end":{"line":27,"column":106}},"type":"if","locations":[{"start":{"line":27,"column":20},"end":{"line":27,"column":106}},{"start":{"line":27,"column":20},"end":{"line":27,"column":106}}],"line":27},"21":{"loc":{"start":{"line":27,"column":24},"end":{"line":27,"column":77}},"type":"binary-expr","locations":[{"start":{"line":27,"column":24},"end":{"line":27,"column":35}},{"start":{"line":27,"column":40},"end":{"line":27,"column":42}},{"start":{"line":27,"column":47},"end":{"line":27,"column":59}},{"start":{"line":27,"column":63},"end":{"line":27,"column":75}}],"line":27},"22":{"loc":{"start":{"line":28,"column":20},"end":{"line":28,"column":89}},"type":"if","locations":[{"start":{"line":28,"column":20},"end":{"line":28,"column":89}},{"start":{"line":28,"column":20},"end":{"line":28,"column":89}}],"line":28},"23":{"loc":{"start":{"line":28,"column":24},"end":{"line":28,"column":53}},"type":"binary-expr","locations":[{"start":{"line":28,"column":24},"end":{"line":28,"column":35}},{"start":{"line":28,"column":39},"end":{"line":28,"column":53}}],"line":28},"24":{"loc":{"start":{"line":29,"column":20},"end":{"line":29,"column":87}},"type":"if","locations":[{"start":{"line":29,"column":20},"end":{"line":29,"column":87}},{"start":{"line":29,"column":20},"end":{"line":29,"column":87}}],"line":29},"25":{"loc":{"start":{"line":29,"column":24},"end":{"line":29,"column":43}},"type":"binary-expr","locations":[{"start":{"line":29,"column":24},"end":{"line":29,"column":25}},{"start":{"line":29,"column":29},"end":{"line":29,"column":43}}],"line":29},"26":{"loc":{"start":{"line":30,"column":20},"end":{"line":30,"column":42}},"type":"if","locations":[{"start":{"line":30,"column":20},"end":{"line":30,"column":42}},{"start":{"line":30,"column":20},"end":{"line":30,"column":42}}],"line":30},"27":{"loc":{"start":{"line":35,"column":8},"end":{"line":35,"column":35}},"type":"if","locations":[{"start":{"line":35,"column":8},"end":{"line":35,"column":35}},{"start":{"line":35,"column":8},"end":{"line":35,"column":35}}],"line":35},"28":{"loc":{"start":{"line":35,"column":52},"end":{"line":35,"column":74}},"type":"cond-expr","locations":[{"start":{"line":35,"column":60},"end":{"line":35,"column":65}},{"start":{"line":35,"column":68},"end":{"line":35,"column":74}}],"line":35},"29":{"loc":{"start":{"line":38,"column":22},"end":{"line":40,"column":1}},"type":"binary-expr","locations":[{"start":{"line":38,"column":23},"end":{"line":38,"column":27}},{"start":{"line":38,"column":31},"end":{"line":38,"column":51}},{"start":{"line":38,"column":56},"end":{"line":40,"column":1}}],"line":38},"30":{"loc":{"start":{"line":39,"column":11},"end":{"line":39,"column":61}},"type":"cond-expr","locations":[{"start":{"line":39,"column":37},"end":{"line":39,"column":40}},{"start":{"line":39,"column":43},"end":{"line":39,"column":61}}],"line":39},"31":{"loc":{"start":{"line":39,"column":12},"end":{"line":39,"column":33}},"type":"binary-expr","locations":[{"start":{"line":39,"column":12},"end":{"line":39,"column":15}},{"start":{"line":39,"column":19},"end":{"line":39,"column":33}}],"line":39},"32":{"loc":{"start":{"line":54,"column":8},"end":{"line":56,"column":9}},"type":"if","locations":[{"start":{"line":54,"column":8},"end":{"line":56,"column":9}},{"start":{"line":54,"column":8},"end":{"line":56,"column":9}}],"line":54},"33":{"loc":{"start":{"line":99,"column":12},"end":{"line":112,"column":13}},"type":"switch","locations":[{"start":{"line":100,"column":16},"end":{"line":102,"column":93}},{"start":{"line":103,"column":16},"end":{"line":111,"column":42}}],"line":99},"34":{"loc":{"start":{"line":105,"column":20},"end":{"line":110,"column":21}},"type":"if","locations":[{"start":{"line":105,"column":20},"end":{"line":110,"column":21}},{"start":{"line":105,"column":20},"end":{"line":110,"column":21}}],"line":105},"35":{"loc":{"start":{"line":119,"column":12},"end":{"line":124,"column":13}},"type":"switch","locations":[{"start":{"line":120,"column":16},"end":{"line":120,"column":72}},{"start":{"line":121,"column":16},"end":{"line":123,"column":90}}],"line":119},"36":{"loc":{"start":{"line":130,"column":12},"end":{"line":135,"column":13}},"type":"switch","locations":[{"start":{"line":131,"column":16},"end":{"line":131,"column":70}},{"start":{"line":132,"column":16},"end":{"line":134,"column":86}}],"line":130},"37":{"loc":{"start":{"line":141,"column":12},"end":{"line":155,"column":13}},"type":"switch","locations":[{"start":{"line":142,"column":16},"end":{"line":145,"column":83}},{"start":{"line":146,"column":16},"end":{"line":154,"column":42}}],"line":141},"38":{"loc":{"start":{"line":148,"column":20},"end":{"line":153,"column":21}},"type":"if","locations":[{"start":{"line":148,"column":20},"end":{"line":153,"column":21}},{"start":{"line":148,"column":20},"end":{"line":153,"column":21}}],"line":148},"39":{"loc":{"start":{"line":161,"column":12},"end":{"line":195,"column":13}},"type":"switch","locations":[{"start":{"line":162,"column":16},"end":{"line":165,"column":83}},{"start":{"line":166,"column":16},"end":{"line":169,"column":97}},{"start":{"line":170,"column":16},"end":{"line":173,"column":85}},{"start":{"line":174,"column":16},"end":{"line":182,"column":33}},{"start":{"line":183,"column":16},"end":{"line":187,"column":73}},{"start":{"line":188,"column":16},"end":{"line":190,"column":33}},{"start":{"line":191,"column":16},"end":{"line":193,"column":44}},{"start":{"line":194,"column":16},"end":{"line":194,"column":90}}],"line":161},"40":{"loc":{"start":{"line":168,"column":20},"end":{"line":168,"column":70}},"type":"if","locations":[{"start":{"line":168,"column":20},"end":{"line":168,"column":70}},{"start":{"line":168,"column":20},"end":{"line":168,"column":70}}],"line":168},"41":{"loc":{"start":{"line":172,"column":20},"end":{"line":172,"column":63}},"type":"if","locations":[{"start":{"line":172,"column":20},"end":{"line":172,"column":63}},{"start":{"line":172,"column":20},"end":{"line":172,"column":63}}],"line":172},"42":{"loc":{"start":{"line":184,"column":20},"end":{"line":184,"column":67}},"type":"if","locations":[{"start":{"line":184,"column":20},"end":{"line":184,"column":67}},{"start":{"line":184,"column":20},"end":{"line":184,"column":67}}],"line":184},"43":{"loc":{"start":{"line":201,"column":12},"end":{"line":214,"column":13}},"type":"switch","locations":[{"start":{"line":202,"column":16},"end":{"line":204,"column":78}},{"start":{"line":205,"column":16},"end":{"line":213,"column":42}}],"line":201},"44":{"loc":{"start":{"line":207,"column":20},"end":{"line":212,"column":21}},"type":"if","locations":[{"start":{"line":207,"column":20},"end":{"line":212,"column":21}},{"start":{"line":207,"column":20},"end":{"line":212,"column":21}}],"line":207},"45":{"loc":{"start":{"line":220,"column":12},"end":{"line":242,"column":13}},"type":"switch","locations":[{"start":{"line":221,"column":16},"end":{"line":224,"column":90}},{"start":{"line":225,"column":16},"end":{"line":228,"column":97}},{"start":{"line":229,"column":16},"end":{"line":231,"column":76}},{"start":{"line":232,"column":16},"end":{"line":235,"column":99}},{"start":{"line":236,"column":16},"end":{"line":238,"column":58}},{"start":{"line":239,"column":16},"end":{"line":241,"column":86}}],"line":220},"46":{"loc":{"start":{"line":227,"column":20},"end":{"line":227,"column":70}},"type":"if","locations":[{"start":{"line":227,"column":20},"end":{"line":227,"column":70}},{"start":{"line":227,"column":20},"end":{"line":227,"column":70}}],"line":227},"47":{"loc":{"start":{"line":234,"column":20},"end":{"line":234,"column":68}},"type":"if","locations":[{"start":{"line":234,"column":20},"end":{"line":234,"column":68}},{"start":{"line":234,"column":20},"end":{"line":234,"column":68}}],"line":234},"48":{"loc":{"start":{"line":256,"column":12},"end":{"line":264,"column":13}},"type":"if","locations":[{"start":{"line":256,"column":12},"end":{"line":264,"column":13}},{"start":{"line":256,"column":12},"end":{"line":264,"column":13}}],"line":256},"49":{"loc":{"start":{"line":256,"column":16},"end":{"line":256,"column":59}},"type":"binary-expr","locations":[{"start":{"line":256,"column":16},"end":{"line":256,"column":36}},{"start":{"line":256,"column":40},"end":{"line":256,"column":59}}],"line":256},"50":{"loc":{"start":{"line":259,"column":17},"end":{"line":264,"column":13}},"type":"if","locations":[{"start":{"line":259,"column":17},"end":{"line":264,"column":13}},{"start":{"line":259,"column":17},"end":{"line":264,"column":13}}],"line":259},"51":{"loc":{"start":{"line":259,"column":21},"end":{"line":259,"column":63}},"type":"binary-expr","locations":[{"start":{"line":259,"column":21},"end":{"line":259,"column":41}},{"start":{"line":259,"column":45},"end":{"line":259,"column":63}}],"line":259}},"s":{"0":1,"1":5,"2":4,"3":4,"4":5,"5":5,"6":0,"7":0,"8":0,"9":0,"10":9,"11":4,"12":1,"13":4,"14":5,"15":0,"16":5,"17":4,"18":0,"19":12,"20":9,"21":9,"22":0,"23":9,"24":22,"25":22,"26":0,"27":22,"28":0,"29":22,"30":9,"31":9,"32":5,"33":5,"34":0,"35":0,"36":0,"37":0,"38":0,"39":0,"40":0,"41":8,"42":4,"43":4,"44":4,"45":4,"46":4,"47":0,"48":0,"49":0,"50":0,"51":0,"52":0,"53":0,"54":0,"55":0,"56":0,"57":0,"58":0,"59":13,"60":0,"61":0,"62":22,"63":4,"64":0,"65":4,"66":1,"67":4,"68":1,"69":1,"70":1,"71":1,"72":1,"73":1,"74":1,"75":1,"76":1,"77":1,"78":1,"79":1,"80":0,"81":1,"82":1,"83":1,"84":1,"85":1,"86":0,"87":0,"88":0,"89":1,"90":0,"91":0,"92":0,"93":0,"94":0,"95":0,"96":0,"97":0,"98":0,"99":0,"100":1,"101":1,"102":1,"103":2,"104":1,"105":1,"106":1,"107":1,"108":0,"109":0,"110":0,"111":0,"112":0,"113":0,"114":1,"115":0,"116":0,"117":0,"118":0,"119":0,"120":0,"121":0,"122":0,"123":0,"124":0,"125":0,"126":1,"127":2,"128":2,"129":9,"130":2,"131":2,"132":2,"133":2,"134":2,"135":1,"136":1,"137":1,"138":1,"139":1,"140":0,"141":1,"142":1,"143":1,"144":1,"145":2,"146":1,"147":1,"148":1,"149":1,"150":1,"151":1,"152":1,"153":1,"154":1,"155":1,"156":1,"157":1,"158":2,"159":1,"160":1,"161":1,"162":1,"163":0,"164":1,"165":0,"166":1,"167":0,"168":0,"169":0,"170":0,"171":0,"172":0,"173":0,"174":0,"175":0,"176":0,"177":0,"178":0,"179":0,"180":0,"181":0,"182":0,"183":0,"184":0,"185":0,"186":0,"187":1,"188":0,"189":0,"190":0,"191":0,"192":0,"193":0,"194":0,"195":0,"196":0,"197":0,"198":0,"199":0,"200":0,"201":1,"202":1},"f":{"0":4,"1":5,"2":4,"3":4,"4":5,"5":0,"6":9,"7":4,"8":5,"9":0,"10":12,"11":9,"12":9,"13":4,"14":1,"15":1,"16":0,"17":0,"18":0,"19":0,"20":0,"21":0,"22":1,"23":1,"24":2,"25":0,"26":0,"27":0,"28":0,"29":0,"30":0,"31":2,"32":2,"33":9,"34":1,"35":1,"36":2,"37":0,"38":0,"39":0,"40":0,"41":0,"42":0},"b":{"0":[1,1,1],"1":[1,4],"2":[4,4],"3":[4,5],"4":[4,4],"5":[1,1,1],"6":[0,5],"7":[4,4],"8":[0,9],"9":[0,22],"10":[22,0,0],"11":[0,0],"12":[0,0],"13":[0,0],"14":[0,0],"15":[0,22],"16":[9,9,5,0,0,8],"17":[4,4],"18":[8,8,8],"19":[8,0],"20":[4,0],"21":[4,4,0,0],"22":[0,0],"23":[0,0],"24":[0,0],"25":[0,0],"26":[0,0],"27":[0,4],"28":[4,0],"29":[1,1,1],"30":[3,1],"31":[4,4],"32":[0,1],"33":[0,0],"34":[0,0],"35":[1,1],"36":[0,0],"37":[0,0],"38":[0,0],"39":[2,2,1,1,2,1,1,1],"40":[1,1],"41":[1,0],"42":[1,1],"43":[1,1],"44":[0,1],"45":[0,0,0,0,0,0],"46":[0,0],"47":[0,0],"48":[0,0],"49":[0,0],"50":[0,0],"51":[0,0]},"inputSourceMap":null,"_coverageSchema":"1a1c01bbd47fc00a2c39e90264f33305004495a9","hash":"bdb6a177f22dd347766f7dc5c5f50c7ea24c503a"}
,"C:\\Users\\kevin\\github\\QAS\\backend\\out\\models\\answer.js": {"path":"C:\\Users\\kevin\\github\\QAS\\backend\\out\\models\\answer.js","statementMap":{"0":{"start":{"line":2,"column":0},"end":{"line":2,"column":62}},"1":{"start":{"line":3,"column":17},"end":{"line":3,"column":36}},"2":{"start":{"line":4,"column":19},"end":{"line":23,"column":2}},"3":{"start":{"line":24,"column":0},"end":{"line":24,"column":59}}},"fnMap":{},"branchMap":{},"s":{"0":1,"1":1,"2":1,"3":1},"f":{},"b":{},"inputSourceMap":null,"_coverageSchema":"1a1c01bbd47fc00a2c39e90264f33305004495a9","hash":"612cb5af704d93a98a39805eaba6b3ff7be7a863"}
,"C:\\Users\\kevin\\github\\QAS\\backend\\out\\models\\question.js": {"path":"C:\\Users\\kevin\\github\\QAS\\backend\\out\\models\\question.js","statementMap":{"0":{"start":{"line":2,"column":0},"end":{"line":2,"column":62}},"1":{"start":{"line":3,"column":17},"end":{"line":3,"column":36}},"2":{"start":{"line":4,"column":21},"end":{"line":35,"column":2}},"3":{"start":{"line":36,"column":0},"end":{"line":36,"column":63}}},"fnMap":{},"branchMap":{},"s":{"0":1,"1":1,"2":1,"3":1},"f":{},"b":{},"inputSourceMap":null,"_coverageSchema":"1a1c01bbd47fc00a2c39e90264f33305004495a9","hash":"6ede719cbfa3cb80698b5eb6254bca9f320bf96f"}
,"C:\\Users\\kevin\\github\\QAS\\backend\\out\\models\\user.js": {"path":"C:\\Users\\kevin\\github\\QAS\\backend\\out\\models\\user.js","statementMap":{"0":{"start":{"line":2,"column":0},"end":{"line":2,"column":62}},"1":{"start":{"line":3,"column":17},"end":{"line":3,"column":36}},"2":{"start":{"line":4,"column":17},"end":{"line":23,"column":2}},"3":{"start":{"line":24,"column":0},"end":{"line":24,"column":56}}},"fnMap":{},"branchMap":{},"s":{"0":1,"1":1,"2":1,"3":1},"f":{},"b":{},"inputSourceMap":null,"_coverageSchema":"1a1c01bbd47fc00a2c39e90264f33305004495a9","hash":"0307335dfa7e3a6c3f90631d72f0948daae30e1a"}
,"C:\\Users\\kevin\\github\\QAS\\backend\\out\\plugins\\mongodb.js": {"path":"C:\\Users\\kevin\\github\\QAS\\backend\\out\\plugins\\mongodb.js","statementMap":{"0":{"start":{"line":2,"column":22},"end":{"line":8,"column":3}},"1":{"start":{"line":3,"column":4},"end":{"line":3,"column":33}},"2":{"start":{"line":3,"column":26},"end":{"line":3,"column":33}},"3":{"start":{"line":4,"column":4},"end":{"line":4,"column":89}},"4":{"start":{"line":4,"column":71},"end":{"line":4,"column":83}},"5":{"start":{"line":6,"column":4},"end":{"line":6,"column":33}},"6":{"start":{"line":6,"column":26},"end":{"line":6,"column":33}},"7":{"start":{"line":7,"column":4},"end":{"line":7,"column":17}},"8":{"start":{"line":9,"column":25},"end":{"line":13,"column":2}},"9":{"start":{"line":10,"column":4},"end":{"line":10,"column":72}},"10":{"start":{"line":12,"column":4},"end":{"line":12,"column":21}},"11":{"start":{"line":14,"column":19},"end":{"line":20,"column":1}},"12":{"start":{"line":15,"column":4},"end":{"line":15,"column":42}},"13":{"start":{"line":15,"column":31},"end":{"line":15,"column":42}},"14":{"start":{"line":16,"column":17},"end":{"line":16,"column":19}},"15":{"start":{"line":17,"column":4},"end":{"line":17,"column":141}},"16":{"start":{"line":17,"column":21},"end":{"line":17,"column":141}},"17":{"start":{"line":17,"column":40},"end":{"line":17,"column":141}},"18":{"start":{"line":17,"column":109},"end":{"line":17,"column":141}},"19":{"start":{"line":18,"column":4},"end":{"line":18,"column":36}},"20":{"start":{"line":19,"column":4},"end":{"line":19,"column":18}},"21":{"start":{"line":21,"column":22},"end":{"line":23,"column":1}},"22":{"start":{"line":22,"column":4},"end":{"line":22,"column":62}},"23":{"start":{"line":24,"column":0},"end":{"line":24,"column":62}},"24":{"start":{"line":25,"column":0},"end":{"line":25,"column":37}},"25":{"start":{"line":26,"column":17},"end":{"line":26,"column":53}},"26":{"start":{"line":27,"column":13},"end":{"line":27,"column":44}},"27":{"start":{"line":28,"column":0},"end":{"line":28,"column":16}},"28":{"start":{"line":29,"column":11},"end":{"line":29,"column":48}},"29":{"start":{"line":30,"column":11},"end":{"line":30,"column":42}},"30":{"start":{"line":31,"column":15},"end":{"line":31,"column":54}},"31":{"start":{"line":32,"column":26},"end":{"line":44,"column":1}},"32":{"start":{"line":33,"column":4},"end":{"line":43,"column":5}},"33":{"start":{"line":34,"column":8},"end":{"line":39,"column":11}},"34":{"start":{"line":35,"column":12},"end":{"line":38,"column":93}},"35":{"start":{"line":36,"column":16},"end":{"line":36,"column":62}},"36":{"start":{"line":38,"column":16},"end":{"line":38,"column":93}},"37":{"start":{"line":42,"column":8},"end":{"line":42,"column":46}},"38":{"start":{"line":45,"column":0},"end":{"line":45,"column":50}}},"fnMap":{"0":{"name":"(anonymous_0)","decl":{"start":{"line":2,"column":74},"end":{"line":2,"column":75}},"loc":{"start":{"line":2,"column":96},"end":{"line":5,"column":1}},"line":2},"1":{"name":"(anonymous_1)","decl":{"start":{"line":4,"column":58},"end":{"line":4,"column":59}},"loc":{"start":{"line":4,"column":69},"end":{"line":4,"column":85}},"line":4},"2":{"name":"(anonymous_2)","decl":{"start":{"line":5,"column":6},"end":{"line":5,"column":7}},"loc":{"start":{"line":5,"column":28},"end":{"line":8,"column":1}},"line":5},"3":{"name":"(anonymous_3)","decl":{"start":{"line":9,"column":80},"end":{"line":9,"column":81}},"loc":{"start":{"line":9,"column":95},"end":{"line":11,"column":1}},"line":9},"4":{"name":"(anonymous_4)","decl":{"start":{"line":11,"column":5},"end":{"line":11,"column":6}},"loc":{"start":{"line":11,"column":20},"end":{"line":13,"column":1}},"line":11},"5":{"name":"(anonymous_5)","decl":{"start":{"line":14,"column":50},"end":{"line":14,"column":51}},"loc":{"start":{"line":14,"column":65},"end":{"line":20,"column":1}},"line":14},"6":{"name":"(anonymous_6)","decl":{"start":{"line":21,"column":56},"end":{"line":21,"column":57}},"loc":{"start":{"line":21,"column":71},"end":{"line":23,"column":1}},"line":21},"7":{"name":"(anonymous_7)","decl":{"start":{"line":32,"column":26},"end":{"line":32,"column":27}},"loc":{"start":{"line":32,"column":38},"end":{"line":44,"column":1}},"line":32},"8":{"name":"(anonymous_8)","decl":{"start":{"line":34,"column":164},"end":{"line":34,"column":165}},"loc":{"start":{"line":34,"column":179},"end":{"line":39,"column":9}},"line":34}},"branchMap":{"0":{"loc":{"start":{"line":2,"column":22},"end":{"line":8,"column":3}},"type":"binary-expr","locations":[{"start":{"line":2,"column":23},"end":{"line":2,"column":27}},{"start":{"line":2,"column":31},"end":{"line":2,"column":51}},{"start":{"line":2,"column":57},"end":{"line":8,"column":2}}],"line":2},"1":{"loc":{"start":{"line":2,"column":57},"end":{"line":8,"column":2}},"type":"cond-expr","locations":[{"start":{"line":2,"column":74},"end":{"line":5,"column":1}},{"start":{"line":5,"column":6},"end":{"line":8,"column":1}}],"line":2},"2":{"loc":{"start":{"line":3,"column":4},"end":{"line":3,"column":33}},"type":"if","locations":[{"start":{"line":3,"column":4},"end":{"line":3,"column":33}},{"start":{"line":3,"column":4},"end":{"line":3,"column":33}}],"line":3},"3":{"loc":{"start":{"line":6,"column":4},"end":{"line":6,"column":33}},"type":"if","locations":[{"start":{"line":6,"column":4},"end":{"line":6,"column":33}},{"start":{"line":6,"column":4},"end":{"line":6,"column":33}}],"line":6},"4":{"loc":{"start":{"line":9,"column":25},"end":{"line":13,"column":2}},"type":"binary-expr","locations":[{"start":{"line":9,"column":26},"end":{"line":9,"column":30}},{"start":{"line":9,"column":34},"end":{"line":9,"column":57}},{"start":{"line":9,"column":63},"end":{"line":13,"column":1}}],"line":9},"5":{"loc":{"start":{"line":9,"column":63},"end":{"line":13,"column":1}},"type":"cond-expr","locations":[{"start":{"line":9,"column":80},"end":{"line":11,"column":1}},{"start":{"line":11,"column":5},"end":{"line":13,"column":1}}],"line":9},"6":{"loc":{"start":{"line":14,"column":19},"end":{"line":20,"column":1}},"type":"binary-expr","locations":[{"start":{"line":14,"column":20},"end":{"line":14,"column":24}},{"start":{"line":14,"column":28},"end":{"line":14,"column":45}},{"start":{"line":14,"column":50},"end":{"line":20,"column":1}}],"line":14},"7":{"loc":{"start":{"line":15,"column":4},"end":{"line":15,"column":42}},"type":"if","locations":[{"start":{"line":15,"column":4},"end":{"line":15,"column":42}},{"start":{"line":15,"column":4},"end":{"line":15,"column":42}}],"line":15},"8":{"loc":{"start":{"line":15,"column":8},"end":{"line":15,"column":29}},"type":"binary-expr","locations":[{"start":{"line":15,"column":8},"end":{"line":15,"column":11}},{"start":{"line":15,"column":15},"end":{"line":15,"column":29}}],"line":15},"9":{"loc":{"start":{"line":17,"column":4},"end":{"line":17,"column":141}},"type":"if","locations":[{"start":{"line":17,"column":4},"end":{"line":17,"column":141}},{"start":{"line":17,"column":4},"end":{"line":17,"column":141}}],"line":17},"10":{"loc":{"start":{"line":17,"column":40},"end":{"line":17,"column":141}},"type":"if","locations":[{"start":{"line":17,"column":40},"end":{"line":17,"column":141}},{"start":{"line":17,"column":40},"end":{"line":17,"column":141}}],"line":17},"11":{"loc":{"start":{"line":17,"column":44},"end":{"line":17,"column":107}},"type":"binary-expr","locations":[{"start":{"line":17,"column":44},"end":{"line":17,"column":59}},{"start":{"line":17,"column":63},"end":{"line":17,"column":107}}],"line":17},"12":{"loc":{"start":{"line":21,"column":22},"end":{"line":23,"column":1}},"type":"binary-expr","locations":[{"start":{"line":21,"column":23},"end":{"line":21,"column":27}},{"start":{"line":21,"column":31},"end":{"line":21,"column":51}},{"start":{"line":21,"column":56},"end":{"line":23,"column":1}}],"line":21},"13":{"loc":{"start":{"line":22,"column":11},"end":{"line":22,"column":61}},"type":"cond-expr","locations":[{"start":{"line":22,"column":37},"end":{"line":22,"column":40}},{"start":{"line":22,"column":43},"end":{"line":22,"column":61}}],"line":22},"14":{"loc":{"start":{"line":22,"column":12},"end":{"line":22,"column":33}},"type":"binary-expr","locations":[{"start":{"line":22,"column":12},"end":{"line":22,"column":15}},{"start":{"line":22,"column":19},"end":{"line":22,"column":33}}],"line":22},"15":{"loc":{"start":{"line":29,"column":11},"end":{"line":29,"column":48}},"type":"binary-expr","locations":[{"start":{"line":29,"column":11},"end":{"line":29,"column":33}},{"start":{"line":29,"column":37},"end":{"line":29,"column":48}}],"line":29},"16":{"loc":{"start":{"line":30,"column":11},"end":{"line":30,"column":42}},"type":"binary-expr","locations":[{"start":{"line":30,"column":11},"end":{"line":30,"column":33}},{"start":{"line":30,"column":37},"end":{"line":30,"column":42}}],"line":30},"17":{"loc":{"start":{"line":31,"column":15},"end":{"line":31,"column":54}},"type":"binary-expr","locations":[{"start":{"line":31,"column":15},"end":{"line":31,"column":41}},{"start":{"line":31,"column":45},"end":{"line":31,"column":54}}],"line":31},"18":{"loc":{"start":{"line":33,"column":4},"end":{"line":43,"column":5}},"type":"if","locations":[{"start":{"line":33,"column":4},"end":{"line":43,"column":5}},{"start":{"line":33,"column":4},"end":{"line":43,"column":5}}],"line":33},"19":{"loc":{"start":{"line":33,"column":8},"end":{"line":33,"column":85}},"type":"binary-expr","locations":[{"start":{"line":33,"column":8},"end":{"line":33,"column":35}},{"start":{"line":33,"column":39},"end":{"line":33,"column":85}}],"line":33},"20":{"loc":{"start":{"line":35,"column":12},"end":{"line":38,"column":93}},"type":"if","locations":[{"start":{"line":35,"column":12},"end":{"line":38,"column":93}},{"start":{"line":35,"column":12},"end":{"line":38,"column":93}}],"line":35}},"s":{"0":1,"1":2,"2":2,"3":2,"4":1,"5":0,"6":0,"7":0,"8":1,"9":1,"10":0,"11":1,"12":1,"13":0,"14":1,"15":1,"16":1,"17":2,"18":2,"19":1,"20":1,"21":1,"22":1,"23":1,"24":1,"25":1,"26":1,"27":1,"28":1,"29":1,"30":1,"31":1,"32":1,"33":0,"34":0,"35":0,"36":0,"37":1,"38":1},"f":{"0":2,"1":1,"2":0,"3":1,"4":0,"5":1,"6":1,"7":1,"8":0},"b":{"0":[1,1,1],"1":[1,0],"2":[2,0],"3":[0,0],"4":[1,1,1],"5":[1,0],"6":[1,1,1],"7":[0,1],"8":[1,1],"9":[1,0],"10":[2,0],"11":[2,2],"12":[1,1,1],"13":[0,1],"14":[1,1],"15":[1,1],"16":[1,1],"17":[1,0],"18":[0,1],"19":[1,0],"20":[0,0]},"inputSourceMap":null,"_coverageSchema":"1a1c01bbd47fc00a2c39e90264f33305004495a9","hash":"f5c9806f20064f564a417fa0f44fc5066091c817"}
,"C:\\Users\\kevin\\github\\QAS\\backend\\out\\test\\db.js": {"path":"C:\\Users\\kevin\\github\\QAS\\backend\\out\\test\\db.js","statementMap":{"0":{"start":{"line":2,"column":16},"end":{"line":10,"column":1}},"1":{"start":{"line":3,"column":28},"end":{"line":3,"column":110}},"2":{"start":{"line":3,"column":91},"end":{"line":3,"column":106}},"3":{"start":{"line":4,"column":4},"end":{"line":9,"column":7}},"4":{"start":{"line":5,"column":36},"end":{"line":5,"column":97}},"5":{"start":{"line":5,"column":42},"end":{"line":5,"column":70}},"6":{"start":{"line":5,"column":85},"end":{"line":5,"column":95}},"7":{"start":{"line":6,"column":35},"end":{"line":6,"column":100}},"8":{"start":{"line":6,"column":41},"end":{"line":6,"column":73}},"9":{"start":{"line":6,"column":88},"end":{"line":6,"column":98}},"10":{"start":{"line":7,"column":32},"end":{"line":7,"column":116}},"11":{"start":{"line":8,"column":8},"end":{"line":8,"column":78}},"12":{"start":{"line":11,"column":18},"end":{"line":37,"column":1}},"13":{"start":{"line":12,"column":12},"end":{"line":12,"column":104}},"14":{"start":{"line":12,"column":43},"end":{"line":12,"column":68}},"15":{"start":{"line":12,"column":57},"end":{"line":12,"column":68}},"16":{"start":{"line":12,"column":69},"end":{"line":12,"column":81}},"17":{"start":{"line":13,"column":4},"end":{"line":13,"column":157}},"18":{"start":{"line":13,"column":138},"end":{"line":13,"column":150}},"19":{"start":{"line":14,"column":23},"end":{"line":14,"column":68}},"20":{"start":{"line":14,"column":45},"end":{"line":14,"column":65}},"21":{"start":{"line":16,"column":8},"end":{"line":16,"column":70}},"22":{"start":{"line":16,"column":15},"end":{"line":16,"column":70}},"23":{"start":{"line":17,"column":8},"end":{"line":34,"column":66}},"24":{"start":{"line":17,"column":18},"end":{"line":34,"column":66}},"25":{"start":{"line":18,"column":12},"end":{"line":18,"column":169}},"26":{"start":{"line":18,"column":160},"end":{"line":18,"column":169}},"27":{"start":{"line":19,"column":12},"end":{"line":19,"column":52}},"28":{"start":{"line":19,"column":26},"end":{"line":19,"column":52}},"29":{"start":{"line":20,"column":12},"end":{"line":32,"column":13}},"30":{"start":{"line":21,"column":32},"end":{"line":21,"column":39}},"31":{"start":{"line":21,"column":40},"end":{"line":21,"column":46}},"32":{"start":{"line":22,"column":24},"end":{"line":22,"column":34}},"33":{"start":{"line":22,"column":35},"end":{"line":22,"column":72}},"34":{"start":{"line":23,"column":24},"end":{"line":23,"column":34}},"35":{"start":{"line":23,"column":35},"end":{"line":23,"column":45}},"36":{"start":{"line":23,"column":46},"end":{"line":23,"column":55}},"37":{"start":{"line":23,"column":56},"end":{"line":23,"column":65}},"38":{"start":{"line":24,"column":24},"end":{"line":24,"column":41}},"39":{"start":{"line":24,"column":42},"end":{"line":24,"column":55}},"40":{"start":{"line":24,"column":56},"end":{"line":24,"column":65}},"41":{"start":{"line":26,"column":20},"end":{"line":26,"column":128}},"42":{"start":{"line":26,"column":110},"end":{"line":26,"column":116}},"43":{"start":{"line":26,"column":117},"end":{"line":26,"column":126}},"44":{"start":{"line":27,"column":20},"end":{"line":27,"column":106}},"45":{"start":{"line":27,"column":81},"end":{"line":27,"column":97}},"46":{"start":{"line":27,"column":98},"end":{"line":27,"column":104}},"47":{"start":{"line":28,"column":20},"end":{"line":28,"column":89}},"48":{"start":{"line":28,"column":57},"end":{"line":28,"column":72}},"49":{"start":{"line":28,"column":73},"end":{"line":28,"column":80}},"50":{"start":{"line":28,"column":81},"end":{"line":28,"column":87}},"51":{"start":{"line":29,"column":20},"end":{"line":29,"column":87}},"52":{"start":{"line":29,"column":47},"end":{"line":29,"column":62}},"53":{"start":{"line":29,"column":63},"end":{"line":29,"column":78}},"54":{"start":{"line":29,"column":79},"end":{"line":29,"column":85}},"55":{"start":{"line":30,"column":20},"end":{"line":30,"column":42}},"56":{"start":{"line":30,"column":30},"end":{"line":30,"column":42}},"57":{"start":{"line":31,"column":20},"end":{"line":31,"column":33}},"58":{"start":{"line":31,"column":34},"end":{"line":31,"column":43}},"59":{"start":{"line":33,"column":12},"end":{"line":33,"column":39}},"60":{"start":{"line":34,"column":22},"end":{"line":34,"column":34}},"61":{"start":{"line":34,"column":35},"end":{"line":34,"column":41}},"62":{"start":{"line":34,"column":54},"end":{"line":34,"column":64}},"63":{"start":{"line":35,"column":8},"end":{"line":35,"column":35}},"64":{"start":{"line":35,"column":23},"end":{"line":35,"column":35}},"65":{"start":{"line":35,"column":36},"end":{"line":35,"column":89}},"66":{"start":{"line":38,"column":22},"end":{"line":40,"column":1}},"67":{"start":{"line":39,"column":4},"end":{"line":39,"column":62}},"68":{"start":{"line":41,"column":0},"end":{"line":41,"column":62}},"69":{"start":{"line":42,"column":0},"end":{"line":42,"column":73}},"70":{"start":{"line":43,"column":17},"end":{"line":43,"column":53}},"71":{"start":{"line":44,"column":30},"end":{"line":44,"column":62}},"72":{"start":{"line":45,"column":13},"end":{"line":45,"column":60}},"73":{"start":{"line":49,"column":14},"end":{"line":70,"column":5}},"74":{"start":{"line":49,"column":28},"end":{"line":70,"column":3}},"75":{"start":{"line":51,"column":4},"end":{"line":69,"column":7}},"76":{"start":{"line":52,"column":8},"end":{"line":68,"column":9}},"77":{"start":{"line":53,"column":20},"end":{"line":53,"column":57}},"78":{"start":{"line":55,"column":16},"end":{"line":55,"column":26}},"79":{"start":{"line":56,"column":16},"end":{"line":56,"column":38}},"80":{"start":{"line":57,"column":16},"end":{"line":63,"column":18}},"81":{"start":{"line":64,"column":16},"end":{"line":64,"column":84}},"82":{"start":{"line":66,"column":16},"end":{"line":66,"column":26}},"83":{"start":{"line":67,"column":16},"end":{"line":67,"column":38}},"84":{"start":{"line":71,"column":0},"end":{"line":71,"column":26}},"85":{"start":{"line":75,"column":20},"end":{"line":90,"column":5}},"86":{"start":{"line":75,"column":34},"end":{"line":90,"column":3}},"87":{"start":{"line":76,"column":4},"end":{"line":89,"column":7}},"88":{"start":{"line":77,"column":8},"end":{"line":88,"column":9}},"89":{"start":{"line":78,"column":20},"end":{"line":78,"column":87}},"90":{"start":{"line":80,"column":16},"end":{"line":80,"column":26}},"91":{"start":{"line":81,"column":16},"end":{"line":81,"column":76}},"92":{"start":{"line":83,"column":16},"end":{"line":83,"column":26}},"93":{"start":{"line":84,"column":16},"end":{"line":84,"column":52}},"94":{"start":{"line":86,"column":16},"end":{"line":86,"column":26}},"95":{"start":{"line":87,"column":16},"end":{"line":87,"column":38}},"96":{"start":{"line":91,"column":0},"end":{"line":91,"column":38}},"97":{"start":{"line":95,"column":20},"end":{"line":120,"column":5}},"98":{"start":{"line":95,"column":34},"end":{"line":120,"column":3}},"99":{"start":{"line":97,"column":4},"end":{"line":119,"column":7}},"100":{"start":{"line":98,"column":8},"end":{"line":118,"column":9}},"101":{"start":{"line":100,"column":16},"end":{"line":100,"column":72}},"102":{"start":{"line":101,"column":16},"end":{"line":101,"column":24}},"103":{"start":{"line":102,"column":16},"end":{"line":103,"column":32}},"104":{"start":{"line":103,"column":20},"end":{"line":103,"column":32}},"105":{"start":{"line":104,"column":16},"end":{"line":104,"column":23}},"106":{"start":{"line":105,"column":16},"end":{"line":105,"column":29}},"107":{"start":{"line":107,"column":16},"end":{"line":107,"column":63}},"108":{"start":{"line":107,"column":39},"end":{"line":107,"column":63}},"109":{"start":{"line":108,"column":16},"end":{"line":108,"column":29}},"110":{"start":{"line":109,"column":16},"end":{"line":109,"column":46}},"111":{"start":{"line":110,"column":16},"end":{"line":110,"column":64}},"112":{"start":{"line":112,"column":16},"end":{"line":112,"column":26}},"113":{"start":{"line":113,"column":16},"end":{"line":113,"column":29}},"114":{"start":{"line":115,"column":16},"end":{"line":115,"column":21}},"115":{"start":{"line":116,"column":16},"end":{"line":116,"column":40}},"116":{"start":{"line":117,"column":20},"end":{"line":117,"column":42}},"117":{"start":{"line":121,"column":0},"end":{"line":121,"column":38}}},"fnMap":{"0":{"name":"(anonymous_0)","decl":{"start":{"line":2,"column":44},"end":{"line":2,"column":45}},"loc":{"start":{"line":2,"column":89},"end":{"line":10,"column":1}},"line":2},"1":{"name":"adopt","decl":{"start":{"line":3,"column":13},"end":{"line":3,"column":18}},"loc":{"start":{"line":3,"column":26},"end":{"line":3,"column":112}},"line":3},"2":{"name":"(anonymous_2)","decl":{"start":{"line":3,"column":70},"end":{"line":3,"column":71}},"loc":{"start":{"line":3,"column":89},"end":{"line":3,"column":108}},"line":3},"3":{"name":"(anonymous_3)","decl":{"start":{"line":4,"column":36},"end":{"line":4,"column":37}},"loc":{"start":{"line":4,"column":63},"end":{"line":9,"column":5}},"line":4},"4":{"name":"fulfilled","decl":{"start":{"line":5,"column":17},"end":{"line":5,"column":26}},"loc":{"start":{"line":5,"column":34},"end":{"line":5,"column":99}},"line":5},"5":{"name":"rejected","decl":{"start":{"line":6,"column":17},"end":{"line":6,"column":25}},"loc":{"start":{"line":6,"column":33},"end":{"line":6,"column":102}},"line":6},"6":{"name":"step","decl":{"start":{"line":7,"column":17},"end":{"line":7,"column":21}},"loc":{"start":{"line":7,"column":30},"end":{"line":7,"column":118}},"line":7},"7":{"name":"(anonymous_7)","decl":{"start":{"line":11,"column":48},"end":{"line":11,"column":49}},"loc":{"start":{"line":11,"column":73},"end":{"line":37,"column":1}},"line":11},"8":{"name":"(anonymous_8)","decl":{"start":{"line":12,"column":30},"end":{"line":12,"column":31}},"loc":{"start":{"line":12,"column":41},"end":{"line":12,"column":83}},"line":12},"9":{"name":"(anonymous_9)","decl":{"start":{"line":13,"column":125},"end":{"line":13,"column":126}},"loc":{"start":{"line":13,"column":136},"end":{"line":13,"column":152}},"line":13},"10":{"name":"verb","decl":{"start":{"line":14,"column":13},"end":{"line":14,"column":17}},"loc":{"start":{"line":14,"column":21},"end":{"line":14,"column":70}},"line":14},"11":{"name":"(anonymous_11)","decl":{"start":{"line":14,"column":30},"end":{"line":14,"column":31}},"loc":{"start":{"line":14,"column":43},"end":{"line":14,"column":67}},"line":14},"12":{"name":"step","decl":{"start":{"line":15,"column":13},"end":{"line":15,"column":17}},"loc":{"start":{"line":15,"column":22},"end":{"line":36,"column":5}},"line":15},"13":{"name":"(anonymous_13)","decl":{"start":{"line":38,"column":56},"end":{"line":38,"column":57}},"loc":{"start":{"line":38,"column":71},"end":{"line":40,"column":1}},"line":38},"14":{"name":"(anonymous_14)","decl":{"start":{"line":49,"column":14},"end":{"line":49,"column":15}},"loc":{"start":{"line":49,"column":26},"end":{"line":70,"column":5}},"line":49},"15":{"name":"(anonymous_15)","decl":{"start":{"line":49,"column":69},"end":{"line":49,"column":70}},"loc":{"start":{"line":49,"column":81},"end":{"line":70,"column":1}},"line":49},"16":{"name":"(anonymous_16)","decl":{"start":{"line":51,"column":29},"end":{"line":51,"column":30}},"loc":{"start":{"line":51,"column":43},"end":{"line":69,"column":5}},"line":51},"17":{"name":"(anonymous_17)","decl":{"start":{"line":75,"column":20},"end":{"line":75,"column":21}},"loc":{"start":{"line":75,"column":32},"end":{"line":90,"column":5}},"line":75},"18":{"name":"(anonymous_18)","decl":{"start":{"line":75,"column":75},"end":{"line":75,"column":76}},"loc":{"start":{"line":75,"column":87},"end":{"line":90,"column":1}},"line":75},"19":{"name":"(anonymous_19)","decl":{"start":{"line":76,"column":29},"end":{"line":76,"column":30}},"loc":{"start":{"line":76,"column":43},"end":{"line":89,"column":5}},"line":76},"20":{"name":"(anonymous_20)","decl":{"start":{"line":95,"column":20},"end":{"line":95,"column":21}},"loc":{"start":{"line":95,"column":32},"end":{"line":120,"column":5}},"line":95},"21":{"name":"(anonymous_21)","decl":{"start":{"line":95,"column":75},"end":{"line":95,"column":76}},"loc":{"start":{"line":95,"column":87},"end":{"line":120,"column":1}},"line":95},"22":{"name":"(anonymous_22)","decl":{"start":{"line":97,"column":29},"end":{"line":97,"column":30}},"loc":{"start":{"line":97,"column":43},"end":{"line":119,"column":5}},"line":97}},"branchMap":{"0":{"loc":{"start":{"line":2,"column":16},"end":{"line":10,"column":1}},"type":"binary-expr","locations":[{"start":{"line":2,"column":17},"end":{"line":2,"column":21}},{"start":{"line":2,"column":25},"end":{"line":2,"column":39}},{"start":{"line":2,"column":44},"end":{"line":10,"column":1}}],"line":2},"1":{"loc":{"start":{"line":3,"column":35},"end":{"line":3,"column":109}},"type":"cond-expr","locations":[{"start":{"line":3,"column":56},"end":{"line":3,"column":61}},{"start":{"line":3,"column":64},"end":{"line":3,"column":109}}],"line":3},"2":{"loc":{"start":{"line":4,"column":16},"end":{"line":4,"column":34}},"type":"binary-expr","locations":[{"start":{"line":4,"column":16},"end":{"line":4,"column":17}},{"start":{"line":4,"column":22},"end":{"line":4,"column":33}}],"line":4},"3":{"loc":{"start":{"line":7,"column":32},"end":{"line":7,"column":115}},"type":"cond-expr","locations":[{"start":{"line":7,"column":46},"end":{"line":7,"column":67}},{"start":{"line":7,"column":70},"end":{"line":7,"column":115}}],"line":7},"4":{"loc":{"start":{"line":8,"column":51},"end":{"line":8,"column":67}},"type":"binary-expr","locations":[{"start":{"line":8,"column":51},"end":{"line":8,"column":61}},{"start":{"line":8,"column":65},"end":{"line":8,"column":67}}],"line":8},"5":{"loc":{"start":{"line":11,"column":18},"end":{"line":37,"column":1}},"type":"binary-expr","locations":[{"start":{"line":11,"column":19},"end":{"line":11,"column":23}},{"start":{"line":11,"column":27},"end":{"line":11,"column":43}},{"start":{"line":11,"column":48},"end":{"line":37,"column":1}}],"line":11},"6":{"loc":{"start":{"line":12,"column":43},"end":{"line":12,"column":68}},"type":"if","locations":[{"start":{"line":12,"column":43},"end":{"line":12,"column":68}},{"start":{"line":12,"column":43},"end":{"line":12,"column":68}}],"line":12},"7":{"loc":{"start":{"line":13,"column":71},"end":{"line":13,"column":153}},"type":"binary-expr","locations":[{"start":{"line":13,"column":71},"end":{"line":13,"column":99}},{"start":{"line":13,"column":104},"end":{"line":13,"column":152}}],"line":13},"8":{"loc":{"start":{"line":16,"column":8},"end":{"line":16,"column":70}},"type":"if","locations":[{"start":{"line":16,"column":8},"end":{"line":16,"column":70}},{"start":{"line":16,"column":8},"end":{"line":16,"column":70}}],"line":16},"9":{"loc":{"start":{"line":18,"column":12},"end":{"line":18,"column":169}},"type":"if","locations":[{"start":{"line":18,"column":12},"end":{"line":18,"column":169}},{"start":{"line":18,"column":12},"end":{"line":18,"column":169}}],"line":18},"10":{"loc":{"start":{"line":18,"column":23},"end":{"line":18,"column":158}},"type":"binary-expr","locations":[{"start":{"line":18,"column":23},"end":{"line":18,"column":24}},{"start":{"line":18,"column":29},"end":{"line":18,"column":125}},{"start":{"line":18,"column":130},"end":{"line":18,"column":158}}],"line":18},"11":{"loc":{"start":{"line":18,"column":33},"end":{"line":18,"column":125}},"type":"cond-expr","locations":[{"start":{"line":18,"column":45},"end":{"line":18,"column":56}},{"start":{"line":18,"column":59},"end":{"line":18,"column":125}}],"line":18},"12":{"loc":{"start":{"line":18,"column":59},"end":{"line":18,"column":125}},"type":"cond-expr","locations":[{"start":{"line":18,"column":67},"end":{"line":18,"column":116}},{"start":{"line":18,"column":119},"end":{"line":18,"column":125}}],"line":18},"13":{"loc":{"start":{"line":18,"column":67},"end":{"line":18,"column":116}},"type":"binary-expr","locations":[{"start":{"line":18,"column":67},"end":{"line":18,"column":77}},{"start":{"line":18,"column":82},"end":{"line":18,"column":115}}],"line":18},"14":{"loc":{"start":{"line":18,"column":82},"end":{"line":18,"column":112}},"type":"binary-expr","locations":[{"start":{"line":18,"column":83},"end":{"line":18,"column":98}},{"start":{"line":18,"column":103},"end":{"line":18,"column":112}}],"line":18},"15":{"loc":{"start":{"line":19,"column":12},"end":{"line":19,"column":52}},"type":"if","locations":[{"start":{"line":19,"column":12},"end":{"line":19,"column":52}},{"start":{"line":19,"column":12},"end":{"line":19,"column":52}}],"line":19},"16":{"loc":{"start":{"line":20,"column":12},"end":{"line":32,"column":13}},"type":"switch","locations":[{"start":{"line":21,"column":16},"end":{"line":21,"column":23}},{"start":{"line":21,"column":24},"end":{"line":21,"column":46}},{"start":{"line":22,"column":16},"end":{"line":22,"column":72}},{"start":{"line":23,"column":16},"end":{"line":23,"column":65}},{"start":{"line":24,"column":16},"end":{"line":24,"column":65}},{"start":{"line":25,"column":16},"end":{"line":31,"column":43}}],"line":20},"17":{"loc":{"start":{"line":26,"column":20},"end":{"line":26,"column":128}},"type":"if","locations":[{"start":{"line":26,"column":20},"end":{"line":26,"column":128}},{"start":{"line":26,"column":20},"end":{"line":26,"column":128}}],"line":26},"18":{"loc":{"start":{"line":26,"column":24},"end":{"line":26,"column":106}},"type":"binary-expr","locations":[{"start":{"line":26,"column":24},"end":{"line":26,"column":74}},{"start":{"line":26,"column":79},"end":{"line":26,"column":90}},{"start":{"line":26,"column":94},"end":{"line":26,"column":105}}],"line":26},"19":{"loc":{"start":{"line":26,"column":42},"end":{"line":26,"column":73}},"type":"binary-expr","locations":[{"start":{"line":26,"column":42},"end":{"line":26,"column":54}},{"start":{"line":26,"column":58},"end":{"line":26,"column":73}}],"line":26},"20":{"loc":{"start":{"line":27,"column":20},"end":{"line":27,"column":106}},"type":"if","locations":[{"start":{"line":27,"column":20},"end":{"line":27,"column":106}},{"start":{"line":27,"column":20},"end":{"line":27,"column":106}}],"line":27},"21":{"loc":{"start":{"line":27,"column":24},"end":{"line":27,"column":77}},"type":"binary-expr","locations":[{"start":{"line":27,"column":24},"end":{"line":27,"column":35}},{"start":{"line":27,"column":40},"end":{"line":27,"column":42}},{"start":{"line":27,"column":47},"end":{"line":27,"column":59}},{"start":{"line":27,"column":63},"end":{"line":27,"column":75}}],"line":27},"22":{"loc":{"start":{"line":28,"column":20},"end":{"line":28,"column":89}},"type":"if","locations":[{"start":{"line":28,"column":20},"end":{"line":28,"column":89}},{"start":{"line":28,"column":20},"end":{"line":28,"column":89}}],"line":28},"23":{"loc":{"start":{"line":28,"column":24},"end":{"line":28,"column":53}},"type":"binary-expr","locations":[{"start":{"line":28,"column":24},"end":{"line":28,"column":35}},{"start":{"line":28,"column":39},"end":{"line":28,"column":53}}],"line":28},"24":{"loc":{"start":{"line":29,"column":20},"end":{"line":29,"column":87}},"type":"if","locations":[{"start":{"line":29,"column":20},"end":{"line":29,"column":87}},{"start":{"line":29,"column":20},"end":{"line":29,"column":87}}],"line":29},"25":{"loc":{"start":{"line":29,"column":24},"end":{"line":29,"column":43}},"type":"binary-expr","locations":[{"start":{"line":29,"column":24},"end":{"line":29,"column":25}},{"start":{"line":29,"column":29},"end":{"line":29,"column":43}}],"line":29},"26":{"loc":{"start":{"line":30,"column":20},"end":{"line":30,"column":42}},"type":"if","locations":[{"start":{"line":30,"column":20},"end":{"line":30,"column":42}},{"start":{"line":30,"column":20},"end":{"line":30,"column":42}}],"line":30},"27":{"loc":{"start":{"line":35,"column":8},"end":{"line":35,"column":35}},"type":"if","locations":[{"start":{"line":35,"column":8},"end":{"line":35,"column":35}},{"start":{"line":35,"column":8},"end":{"line":35,"column":35}}],"line":35},"28":{"loc":{"start":{"line":35,"column":52},"end":{"line":35,"column":74}},"type":"cond-expr","locations":[{"start":{"line":35,"column":60},"end":{"line":35,"column":65}},{"start":{"line":35,"column":68},"end":{"line":35,"column":74}}],"line":35},"29":{"loc":{"start":{"line":38,"column":22},"end":{"line":40,"column":1}},"type":"binary-expr","locations":[{"start":{"line":38,"column":23},"end":{"line":38,"column":27}},{"start":{"line":38,"column":31},"end":{"line":38,"column":51}},{"start":{"line":38,"column":56},"end":{"line":40,"column":1}}],"line":38},"30":{"loc":{"start":{"line":39,"column":11},"end":{"line":39,"column":61}},"type":"cond-expr","locations":[{"start":{"line":39,"column":37},"end":{"line":39,"column":40}},{"start":{"line":39,"column":43},"end":{"line":39,"column":61}}],"line":39},"31":{"loc":{"start":{"line":39,"column":12},"end":{"line":39,"column":33}},"type":"binary-expr","locations":[{"start":{"line":39,"column":12},"end":{"line":39,"column":15}},{"start":{"line":39,"column":19},"end":{"line":39,"column":33}}],"line":39},"32":{"loc":{"start":{"line":52,"column":8},"end":{"line":68,"column":9}},"type":"switch","locations":[{"start":{"line":53,"column":12},"end":{"line":53,"column":57}},{"start":{"line":54,"column":12},"end":{"line":64,"column":84}},{"start":{"line":65,"column":12},"end":{"line":67,"column":38}}],"line":52},"33":{"loc":{"start":{"line":77,"column":8},"end":{"line":88,"column":9}},"type":"switch","locations":[{"start":{"line":78,"column":12},"end":{"line":78,"column":87}},{"start":{"line":79,"column":12},"end":{"line":81,"column":76}},{"start":{"line":82,"column":12},"end":{"line":84,"column":52}},{"start":{"line":85,"column":12},"end":{"line":87,"column":38}}],"line":77},"34":{"loc":{"start":{"line":98,"column":8},"end":{"line":118,"column":9}},"type":"switch","locations":[{"start":{"line":99,"column":12},"end":{"line":105,"column":29}},{"start":{"line":106,"column":12},"end":{"line":110,"column":64}},{"start":{"line":111,"column":12},"end":{"line":113,"column":29}},{"start":{"line":114,"column":12},"end":{"line":116,"column":40}},{"start":{"line":117,"column":12},"end":{"line":117,"column":42}}],"line":98},"35":{"loc":{"start":{"line":107,"column":16},"end":{"line":107,"column":63}},"type":"if","locations":[{"start":{"line":107,"column":16},"end":{"line":107,"column":63}},{"start":{"line":107,"column":16},"end":{"line":107,"column":63}}],"line":107}},"s":{"0":1,"1":5,"2":0,"3":2,"4":5,"5":5,"6":0,"7":0,"8":0,"9":0,"10":7,"11":2,"12":1,"13":2,"14":5,"15":0,"16":5,"17":2,"18":0,"19":6,"20":7,"21":7,"22":0,"23":7,"24":18,"25":18,"26":0,"27":18,"28":0,"29":18,"30":7,"31":7,"32":5,"33":5,"34":0,"35":0,"36":0,"37":0,"38":0,"39":0,"40":0,"41":6,"42":2,"43":2,"44":4,"45":4,"46":4,"47":0,"48":0,"49":0,"50":0,"51":0,"52":0,"53":0,"54":0,"55":0,"56":0,"57":0,"58":0,"59":11,"60":0,"61":0,"62":18,"63":2,"64":0,"65":2,"66":1,"67":1,"68":1,"69":1,"70":1,"71":1,"72":1,"73":1,"74":1,"75":1,"76":3,"77":1,"78":1,"79":1,"80":1,"81":1,"82":1,"83":1,"84":1,"85":1,"86":0,"87":0,"88":0,"89":0,"90":0,"91":0,"92":0,"93":0,"94":0,"95":0,"96":1,"97":1,"98":1,"99":1,"100":8,"101":1,"102":1,"103":1,"104":3,"105":1,"106":1,"107":4,"108":1,"109":3,"110":3,"111":3,"112":3,"113":3,"114":3,"115":3,"116":1,"117":1},"f":{"0":2,"1":5,"2":0,"3":2,"4":5,"5":0,"6":7,"7":2,"8":5,"9":0,"10":6,"11":7,"12":7,"13":1,"14":1,"15":1,"16":3,"17":0,"18":0,"19":0,"20":1,"21":1,"22":8},"b":{"0":[1,1,1],"1":[5,0],"2":[2,2],"3":[2,5],"4":[2,2],"5":[1,1,1],"6":[0,5],"7":[2,2],"8":[0,7],"9":[0,18],"10":[18,0,0],"11":[0,0],"12":[0,0],"13":[0,0],"14":[0,0],"15":[0,18],"16":[7,7,5,0,0,6],"17":[2,4],"18":[6,6,6],"19":[6,0],"20":[4,0],"21":[4,4,0,0],"22":[0,0],"23":[0,0],"24":[0,0],"25":[0,0],"26":[0,0],"27":[0,2],"28":[2,0],"29":[1,1,1],"30":[0,1],"31":[1,1],"32":[1,1,1],"33":[0,0,0,0],"34":[1,4,3,3,1],"35":[1,3]},"inputSourceMap":null,"_coverageSchema":"1a1c01bbd47fc00a2c39e90264f33305004495a9","hash":"0f21a91e4ae53098f12fede64f6162be93518777"}
,"C:\\Users\\kevin\\github\\QAS\\backend\\src\\server.ts": {"path":"C:\\Users\\kevin\\github\\QAS\\backend\\src\\server.ts","statementMap":{"0":{"start":{"line":1,"column":0},"end":{"line":1,"column":80}},"1":{"start":{"line":3,"column":0},"end":{"line":3,"column":55}},"2":{"start":{"line":8,"column":0},"end":{"line":8,"column":36}},"3":{"start":{"line":10,"column":0},"end":{"line":10,"column":33}},"4":{"start":{"line":11,"column":0},"end":{"line":11,"column":40}},"5":{"start":{"line":13,"column":73},"end":{"line":15,"column":2}},"6":{"start":{"line":17,"column":97},"end":{"line":198,"column":1}},"7":{"start":{"line":19,"column":4},"end":{"line":19,"column":null}},"8":{"start":{"line":21,"column":4},"end":{"line":57,"column":null}},"9":{"start":{"line":22,"column":8},"end":{"line":24,"column":null}},"10":{"start":{"line":23,"column":12},"end":{"line":23,"column":null}},"11":{"start":{"line":25,"column":8},"end":{"line":25,"column":null}},"12":{"start":{"line":26,"column":22},"end":{"line":37,"column":11}},"13":{"start":{"line":38,"column":29},"end":{"line":48,"column":11}},"14":{"start":{"line":49,"column":27},"end":{"line":56,"column":11}},"15":{"start":{"line":59,"column":4},"end":{"line":61,"column":null}},"16":{"start":{"line":59,"column":75},"end":{"line":61,"column":6}},"17":{"start":{"line":60,"column":8},"end":{"line":60,"column":null}},"18":{"start":{"line":64,"column":4},"end":{"line":75,"column":null}},"19":{"start":{"line":64,"column":81},"end":{"line":75,"column":6}},"20":{"start":{"line":65,"column":14},"end":{"line":65,"column":null}},"21":{"start":{"line":66,"column":22},"end":{"line":66,"column":null}},"22":{"start":{"line":66,"column":14},"end":{"line":66,"column":null}},"23":{"start":{"line":67,"column":8},"end":{"line":74,"column":null}},"24":{"start":{"line":69,"column":12},"end":{"line":69,"column":null}},"25":{"start":{"line":73,"column":12},"end":{"line":73,"column":null}},"26":{"start":{"line":78,"column":4},"end":{"line":81,"column":null}},"27":{"start":{"line":78,"column":79},"end":{"line":81,"column":6}},"28":{"start":{"line":79,"column":43},"end":{"line":79,"column":null}},"29":{"start":{"line":79,"column":14},"end":{"line":79,"column":null}},"30":{"start":{"line":80,"column":8},"end":{"line":80,"column":null}},"31":{"start":{"line":83,"column":4},"end":{"line":86,"column":null}},"32":{"start":{"line":83,"column":77},"end":{"line":86,"column":6}},"33":{"start":{"line":84,"column":39},"end":{"line":84,"column":null}},"34":{"start":{"line":84,"column":14},"end":{"line":84,"column":null}},"35":{"start":{"line":85,"column":8},"end":{"line":85,"column":null}},"36":{"start":{"line":88,"column":4},"end":{"line":100,"column":null}},"37":{"start":{"line":88,"column":92},"end":{"line":100,"column":6}},"38":{"start":{"line":89,"column":12},"end":{"line":89,"column":null}},"39":{"start":{"line":90,"column":12},"end":{"line":90,"column":null}},"40":{"start":{"line":91,"column":36},"end":{"line":91,"column":85}},"41":{"start":{"line":91,"column":14},"end":{"line":91,"column":null}},"42":{"start":{"line":92,"column":8},"end":{"line":99,"column":null}},"43":{"start":{"line":94,"column":12},"end":{"line":94,"column":null}},"44":{"start":{"line":98,"column":12},"end":{"line":98,"column":null}},"45":{"start":{"line":102,"column":4},"end":{"line":131,"column":null}},"46":{"start":{"line":102,"column":100},"end":{"line":131,"column":6}},"47":{"start":{"line":103,"column":12},"end":{"line":103,"column":null}},"48":{"start":{"line":104,"column":12},"end":{"line":104,"column":null}},"49":{"start":{"line":105,"column":36},"end":{"line":105,"column":85}},"50":{"start":{"line":105,"column":14},"end":{"line":105,"column":null}},"51":{"start":{"line":106,"column":11},"end":{"line":106,"column":19}},"52":{"start":{"line":108,"column":12},"end":{"line":108,"column":null}},"53":{"start":{"line":112,"column":16},"end":{"line":112,"column":46}},"54":{"start":{"line":113,"column":15},"end":{"line":113,"column":19}},"55":{"start":{"line":115,"column":16},"end":{"line":115,"column":null}},"56":{"start":{"line":119,"column":20},"end":{"line":123,"column":null}},"57":{"start":{"line":124,"column":16},"end":{"line":124,"column":null}},"58":{"start":{"line":125,"column":47},"end":{"line":125,"column":null}},"59":{"start":{"line":125,"column":32},"end":{"line":125,"column":null}},"60":{"start":{"line":125,"column":25},"end":{"line":125,"column":32}},"61":{"start":{"line":126,"column":20},"end":{"line":126,"column":32}},"62":{"start":{"line":126,"column":32},"end":{"line":126,"column":69}},"63":{"start":{"line":126,"column":20},"end":{"line":126,"column":null}},"64":{"start":{"line":128,"column":16},"end":{"line":128,"column":null}},"65":{"start":{"line":133,"column":4},"end":{"line":144,"column":null}},"66":{"start":{"line":133,"column":84},"end":{"line":144,"column":6}},"67":{"start":{"line":134,"column":14},"end":{"line":134,"column":null}},"68":{"start":{"line":135,"column":25},"end":{"line":135,"column":null}},"69":{"start":{"line":135,"column":14},"end":{"line":135,"column":null}},"70":{"start":{"line":136,"column":8},"end":{"line":143,"column":null}},"71":{"start":{"line":138,"column":12},"end":{"line":138,"column":null}},"72":{"start":{"line":142,"column":12},"end":{"line":142,"column":null}},"73":{"start":{"line":146,"column":4},"end":{"line":169,"column":null}},"74":{"start":{"line":146,"column":103},"end":{"line":169,"column":6}},"75":{"start":{"line":147,"column":12},"end":{"line":147,"column":null}},"76":{"start":{"line":148,"column":12},"end":{"line":148,"column":null}},"77":{"start":{"line":149,"column":34},"end":{"line":149,"column":90}},"78":{"start":{"line":149,"column":12},"end":{"line":149,"column":null}},"79":{"start":{"line":150,"column":11},"end":{"line":150,"column":19}},"80":{"start":{"line":152,"column":12},"end":{"line":152,"column":null}},"81":{"start":{"line":156,"column":18},"end":{"line":156,"column":null}},"82":{"start":{"line":157,"column":27},"end":{"line":157,"column":null}},"83":{"start":{"line":157,"column":18},"end":{"line":157,"column":null}},"84":{"start":{"line":158,"column":15},"end":{"line":158,"column":21}},"85":{"start":{"line":160,"column":16},"end":{"line":160,"column":null}},"86":{"start":{"line":164,"column":16},"end":{"line":164,"column":null}},"87":{"start":{"line":165,"column":16},"end":{"line":165,"column":null}},"88":{"start":{"line":166,"column":16},"end":{"line":166,"column":null}},"89":{"start":{"line":173,"column":4},"end":{"line":195,"column":null}},"90":{"start":{"line":173,"column":99},"end":{"line":195,"column":6}},"91":{"start":{"line":174,"column":12},"end":{"line":174,"column":null}},"92":{"start":{"line":175,"column":12},"end":{"line":175,"column":null}},"93":{"start":{"line":176,"column":12},"end":{"line":176,"column":null}},"94":{"start":{"line":177,"column":8},"end":{"line":177,"column":29}},"95":{"start":{"line":178,"column":8},"end":{"line":178,"column":30}},"96":{"start":{"line":180,"column":8},"end":{"line":191,"column":null}},"97":{"start":{"line":182,"column":12},"end":{"line":182,"column":null}},"98":{"start":{"line":184,"column":13},"end":{"line":191,"column":null}},"99":{"start":{"line":186,"column":12},"end":{"line":186,"column":null}},"100":{"start":{"line":190,"column":12},"end":{"line":190,"column":null}},"101":{"start":{"line":197,"column":4},"end":{"line":197,"column":null}},"102":{"start":{"line":200,"column":9},"end":{"line":200,"column":21}}},"fnMap":{"0":{"name":"(anonymous_14)","decl":{"start":{"line":17,"column":97},"end":{"line":17,"column":98}},"loc":{"start":{"line":17,"column":102},"end":{"line":198,"column":1}}},"1":{"name":"(anonymous_15)","decl":{"start":{"line":21,"column":24},"end":{"line":21,"column":25}},"loc":{"start":{"line":21,"column":31},"end":{"line":57,"column":5}}},"2":{"name":"(anonymous_16)","decl":{"start":{"line":59,"column":24},"end":{"line":59,"column":31}},"loc":{"start":{"line":59,"column":75},"end":{"line":61,"column":6}}},"3":{"name":"(anonymous_17)","decl":{"start":{"line":59,"column":75},"end":{"line":59,"column":null}},"loc":{"start":{"line":59,"column":75},"end":{"line":61,"column":6}}},"4":{"name":"(anonymous_19)","decl":{"start":{"line":64,"column":30},"end":{"line":64,"column":37}},"loc":{"start":{"line":64,"column":81},"end":{"line":75,"column":6}}},"5":{"name":"(anonymous_20)","decl":{"start":{"line":64,"column":81},"end":{"line":64,"column":null}},"loc":{"start":{"line":64,"column":81},"end":{"line":75,"column":6}}},"6":{"name":"(anonymous_22)","decl":{"start":{"line":78,"column":28},"end":{"line":78,"column":35}},"loc":{"start":{"line":78,"column":79},"end":{"line":81,"column":6}}},"7":{"name":"(anonymous_23)","decl":{"start":{"line":78,"column":79},"end":{"line":78,"column":null}},"loc":{"start":{"line":78,"column":79},"end":{"line":81,"column":6}}},"8":{"name":"(anonymous_25)","decl":{"start":{"line":83,"column":26},"end":{"line":83,"column":33}},"loc":{"start":{"line":83,"column":77},"end":{"line":86,"column":6}}},"9":{"name":"(anonymous_26)","decl":{"start":{"line":83,"column":77},"end":{"line":83,"column":null}},"loc":{"start":{"line":83,"column":77},"end":{"line":86,"column":6}}},"10":{"name":"(anonymous_28)","decl":{"start":{"line":88,"column":41},"end":{"line":88,"column":48}},"loc":{"start":{"line":88,"column":92},"end":{"line":100,"column":6}}},"11":{"name":"(anonymous_29)","decl":{"start":{"line":88,"column":92},"end":{"line":88,"column":null}},"loc":{"start":{"line":88,"column":92},"end":{"line":100,"column":6}}},"12":{"name":"(anonymous_31)","decl":{"start":{"line":102,"column":49},"end":{"line":102,"column":56}},"loc":{"start":{"line":102,"column":100},"end":{"line":131,"column":6}}},"13":{"name":"(anonymous_32)","decl":{"start":{"line":102,"column":100},"end":{"line":102,"column":null}},"loc":{"start":{"line":102,"column":100},"end":{"line":131,"column":6}}},"14":{"name":"(anonymous_34)","decl":{"start":{"line":133,"column":33},"end":{"line":133,"column":40}},"loc":{"start":{"line":133,"column":84},"end":{"line":144,"column":6}}},"15":{"name":"(anonymous_35)","decl":{"start":{"line":133,"column":84},"end":{"line":133,"column":null}},"loc":{"start":{"line":133,"column":84},"end":{"line":144,"column":6}}},"16":{"name":"(anonymous_37)","decl":{"start":{"line":146,"column":52},"end":{"line":146,"column":59}},"loc":{"start":{"line":146,"column":103},"end":{"line":169,"column":6}}},"17":{"name":"(anonymous_38)","decl":{"start":{"line":146,"column":103},"end":{"line":146,"column":null}},"loc":{"start":{"line":146,"column":103},"end":{"line":169,"column":6}}},"18":{"name":"(anonymous_40)","decl":{"start":{"line":173,"column":48},"end":{"line":173,"column":55}},"loc":{"start":{"line":173,"column":99},"end":{"line":195,"column":6}}},"19":{"name":"(anonymous_41)","decl":{"start":{"line":173,"column":99},"end":{"line":173,"column":null}},"loc":{"start":{"line":173,"column":99},"end":{"line":195,"column":6}}}},"branchMap":{"0":{"loc":{"start":{"line":22,"column":8},"end":{"line":24,"column":null}},"type":"if","locations":[{"start":{"line":22,"column":8},"end":{"line":24,"column":null}},{"start":{"line":22,"column":8},"end":{"line":24,"column":null}}]},"1":{"loc":{"start":{"line":67,"column":8},"end":{"line":74,"column":null}},"type":"if","locations":[{"start":{"line":67,"column":8},"end":{"line":74,"column":null}},{"start":{"line":67,"column":8},"end":{"line":74,"column":null}}]},"2":{"loc":{"start":{"line":79,"column":43},"end":{"line":79,"column":null}},"type":"switch","locations":[{"start":{"line":79,"column":43},"end":{"line":79,"column":null}}]},"3":{"loc":{"start":{"line":84,"column":39},"end":{"line":84,"column":null}},"type":"switch","locations":[{"start":{"line":84,"column":39},"end":{"line":84,"column":null}}]},"4":{"loc":{"start":{"line":92,"column":8},"end":{"line":99,"column":null}},"type":"if","locations":[{"start":{"line":92,"column":8},"end":{"line":99,"column":null}},{"start":{"line":92,"column":8},"end":{"line":99,"column":null}}]},"5":{"loc":{"start":{"line":128,"column":16},"end":{"line":128,"column":null}},"type":"switch","locations":[{"start":{"line":128,"column":16},"end":{"line":128,"column":null}}]},"6":{"loc":{"start":{"line":106,"column":11},"end":{"line":106,"column":19}},"type":"if","locations":[{"start":{"line":106,"column":11},"end":{"line":106,"column":19}},{"start":{"line":106,"column":11},"end":{"line":106,"column":19}}]},"7":{"loc":{"start":{"line":113,"column":15},"end":{"line":113,"column":19}},"type":"if","locations":[{"start":{"line":113,"column":15},"end":{"line":113,"column":19}},{"start":{"line":113,"column":15},"end":{"line":113,"column":19}}]},"8":{"loc":{"start":{"line":125,"column":32},"end":{"line":125,"column":null}},"type":"if","locations":[{"start":{"line":125,"column":32},"end":{"line":125,"column":null}},{"start":{"line":125,"column":32},"end":{"line":125,"column":null}}]},"9":{"loc":{"start":{"line":136,"column":8},"end":{"line":143,"column":null}},"type":"if","locations":[{"start":{"line":136,"column":8},"end":{"line":143,"column":null}},{"start":{"line":136,"column":8},"end":{"line":143,"column":null}}]},"10":{"loc":{"start":{"line":150,"column":11},"end":{"line":150,"column":19}},"type":"if","locations":[{"start":{"line":150,"column":11},"end":{"line":150,"column":19}},{"start":{"line":150,"column":11},"end":{"line":150,"column":19}}]},"11":{"loc":{"start":{"line":158,"column":15},"end":{"line":158,"column":21}},"type":"if","locations":[{"start":{"line":158,"column":15},"end":{"line":158,"column":21}},{"start":{"line":158,"column":15},"end":{"line":158,"column":21}}]},"12":{"loc":{"start":{"line":180,"column":8},"end":{"line":191,"column":null}},"type":"if","locations":[{"start":{"line":180,"column":8},"end":{"line":191,"column":null}},{"start":{"line":180,"column":8},"end":{"line":191,"column":null}}]},"13":{"loc":{"start":{"line":180,"column":11},"end":{"line":180,"column":31}},"type":"binary-expr","locations":[{"start":{"line":180,"column":11},"end":{"line":180,"column":31}},{"start":{"line":180,"column":35},"end":{"line":180,"column":54}}]},"14":{"loc":{"start":{"line":184,"column":13},"end":{"line":191,"column":null}},"type":"if","locations":[{"start":{"line":184,"column":13},"end":{"line":191,"column":null}},{"start":{"line":184,"column":13},"end":{"line":191,"column":null}}]},"15":{"loc":{"start":{"line":184,"column":16},"end":{"line":184,"column":36}},"type":"binary-expr","locations":[{"start":{"line":184,"column":16},"end":{"line":184,"column":36}},{"start":{"line":184,"column":40},"end":{"line":184,"column":58}}]}},"s":{"0":1,"1":1,"2":1,"3":1,"4":1,"5":1,"6":1,"7":1,"8":1,"9":1,"10":0,"11":1,"12":1,"13":1,"14":1,"15":1,"16":0,"17":0,"18":1,"19":0,"20":0,"21":0,"22":0,"23":0,"24":0,"25":0,"26":1,"27":1,"28":1,"29":1,"30":1,"31":1,"32":0,"33":0,"34":0,"35":0,"36":1,"37":1,"38":1,"39":1,"40":1,"41":1,"42":1,"43":0,"44":1,"45":1,"46":2,"47":2,"48":2,"49":2,"50":2,"51":3,"52":1,"53":1,"54":2,"55":0,"56":1,"57":1,"58":2,"59":3,"60":1,"61":1,"62":1,"63":1,"64":1,"65":1,"66":1,"67":1,"68":1,"69":1,"70":1,"71":0,"72":1,"73":1,"74":0,"75":0,"76":0,"77":0,"78":0,"79":0,"80":0,"81":0,"82":0,"83":0,"84":0,"85":0,"86":0,"87":0,"88":0,"89":1,"90":0,"91":0,"92":0,"93":0,"94":0,"95":0,"96":0,"97":0,"98":0,"99":0,"100":0,"101":1,"102":1},"f":{"0":1,"1":1,"2":0,"3":0,"4":0,"5":0,"6":1,"7":1,"8":0,"9":0,"10":1,"11":1,"12":2,"13":2,"14":1,"15":1,"16":0,"17":0,"18":0,"19":0},"b":{"0":[0,1],"1":[0,0],"2":[1],"3":[0],"4":[0,1],"5":[1],"6":[1,1],"7":[1,0],"8":[1,1],"9":[0,1],"10":[0,0],"11":[0,0],"12":[0,0],"13":[0,0],"14":[0,0],"15":[0,0]}}
,"C:\\Users\\kevin\\github\\QAS\\backend\\src\\models\\answer.ts": {"path":"C:\\Users\\kevin\\github\\QAS\\backend\\src\\models\\answer.ts","statementMap":{"0":{"start":{"line":2,"column":0},"end":{"line":2,"column":40}},"1":{"start":{"line":4,"column":29},"end":{"line":25,"column":null}},"2":{"start":{"line":28,"column":0},"end":{"line":28,"column":null}}},"fnMap":{},"branchMap":{},"s":{"0":1,"1":1,"2":1},"f":{},"b":{}}
,"C:\\Users\\kevin\\github\\QAS\\backend\\src\\models\\question.ts": {"path":"C:\\Users\\kevin\\github\\QAS\\backend\\src\\models\\question.ts","statementMap":{"0":{"start":{"line":2,"column":0},"end":{"line":2,"column":40}},"1":{"start":{"line":4,"column":31},"end":{"line":37,"column":null}},"2":{"start":{"line":40,"column":0},"end":{"line":40,"column":null}}},"fnMap":{},"branchMap":{},"s":{"0":1,"1":1,"2":1},"f":{},"b":{}}
,"C:\\Users\\kevin\\github\\QAS\\backend\\src\\models\\user.ts": {"path":"C:\\Users\\kevin\\github\\QAS\\backend\\src\\models\\user.ts","statementMap":{"0":{"start":{"line":1,"column":0},"end":{"line":1,"column":40}},"1":{"start":{"line":3,"column":27},"end":{"line":24,"column":null}},"2":{"start":{"line":27,"column":0},"end":{"line":27,"column":null}}},"fnMap":{},"branchMap":{},"s":{"0":1,"1":1,"2":1},"f":{},"b":{}}
,"C:\\Users\\kevin\\github\\QAS\\backend\\src\\plugins\\mongodb.ts": {"path":"C:\\Users\\kevin\\github\\QAS\\backend\\src\\plugins\\mongodb.ts","statementMap":{"0":{"start":{"line":1,"column":0},"end":{"line":1,"column":31}},"1":{"start":{"line":2,"column":0},"end":{"line":2,"column":32}},"2":{"start":{"line":4,"column":0},"end":{"line":4,"column":null}},"3":{"start":{"line":5,"column":13},"end":{"line":5,"column":50}},"4":{"start":{"line":6,"column":13},"end":{"line":6,"column":44}},"5":{"start":{"line":7,"column":17},"end":{"line":7,"column":56}},"6":{"start":{"line":9,"column":28},"end":{"line":22,"column":1}},"7":{"start":{"line":10,"column":2},"end":{"line":21,"column":null}},"8":{"start":{"line":11,"column":4},"end":{"line":18,"column":null}},"9":{"start":{"line":15,"column":8},"end":{"line":16,"column":null}},"10":{"start":{"line":15,"column":18},"end":{"line":15,"column":null}},"11":{"start":{"line":16,"column":13},"end":{"line":16,"column":null}},"12":{"start":{"line":20,"column":4},"end":{"line":20,"column":null}},"13":{"start":{"line":24,"column":9},"end":{"line":24,"column":28}}},"fnMap":{"0":{"name":"(anonymous_7)","decl":{"start":{"line":9,"column":28},"end":{"line":9,"column":null}},"loc":{"start":{"line":9,"column":28},"end":{"line":22,"column":1}}},"1":{"name":"(anonymous_8)","decl":{"start":{"line":14,"column":6},"end":{"line":14,"column":7}},"loc":{"start":{"line":14,"column":10},"end":{"line":17,"column":7}}}},"branchMap":{"0":{"loc":{"start":{"line":5,"column":13},"end":{"line":5,"column":35}},"type":"binary-expr","locations":[{"start":{"line":5,"column":13},"end":{"line":5,"column":35}},{"start":{"line":5,"column":39},"end":{"line":5,"column":50}}]},"1":{"loc":{"start":{"line":6,"column":13},"end":{"line":6,"column":35}},"type":"binary-expr","locations":[{"start":{"line":6,"column":13},"end":{"line":6,"column":35}},{"start":{"line":6,"column":39},"end":{"line":6,"column":44}}]},"2":{"loc":{"start":{"line":7,"column":17},"end":{"line":7,"column":43}},"type":"binary-expr","locations":[{"start":{"line":7,"column":17},"end":{"line":7,"column":43}},{"start":{"line":7,"column":47},"end":{"line":7,"column":56}}]},"3":{"loc":{"start":{"line":10,"column":2},"end":{"line":21,"column":null}},"type":"if","locations":[{"start":{"line":10,"column":2},"end":{"line":21,"column":null}},{"start":{"line":10,"column":2},"end":{"line":21,"column":null}}]},"4":{"loc":{"start":{"line":10,"column":6},"end":{"line":10,"column":33}},"type":"binary-expr","locations":[{"start":{"line":10,"column":6},"end":{"line":10,"column":33}},{"start":{"line":10,"column":37},"end":{"line":10,"column":73}}]},"5":{"loc":{"start":{"line":15,"column":8},"end":{"line":16,"column":null}},"type":"if","locations":[{"start":{"line":15,"column":8},"end":{"line":16,"column":null}},{"start":{"line":15,"column":8},"end":{"line":16,"column":null}}]}},"s":{"0":1,"1":1,"2":1,"3":1,"4":1,"5":1,"6":1,"7":1,"8":0,"9":0,"10":0,"11":0,"12":1,"13":1},"f":{"0":1,"1":0},"b":{"0":[1,1],"1":[1,1],"2":[1,0],"3":[0,1],"4":[1,0],"5":[0,0]}}
,"C:\\Users\\kevin\\github\\QAS\\backend\\src\\test\\db.ts": {"path":"C:\\Users\\kevin\\github\\QAS\\backend\\src\\test\\db.ts","statementMap":{"0":{"start":{"line":1,"column":0},"end":{"line":1,"column":31}},"1":{"start":{"line":2,"column":0},"end":{"line":2,"column":57}},"2":{"start":{"line":4,"column":15},"end":{"line":4,"column":38}},"3":{"start":{"line":9,"column":23},"end":{"line":22,"column":null}},"4":{"start":{"line":10,"column":4},"end":{"line":10,"column":null}},"5":{"start":{"line":11,"column":10},"end":{"line":11,"column":null}},"6":{"start":{"line":13,"column":10},"end":{"line":19,"column":null}},"7":{"start":{"line":21,"column":4},"end":{"line":21,"column":null}},"8":{"start":{"line":9,"column":13},"end":{"line":9,"column":23}},"9":{"start":{"line":27,"column":50},"end":{"line":31,"column":null}},"10":{"start":{"line":28,"column":4},"end":{"line":28,"column":null}},"11":{"start":{"line":29,"column":4},"end":{"line":29,"column":null}},"12":{"start":{"line":30,"column":4},"end":{"line":30,"column":null}},"13":{"start":{"line":27,"column":13},"end":{"line":27,"column":50}},"14":{"start":{"line":36,"column":50},"end":{"line":43,"column":null}},"15":{"start":{"line":37,"column":10},"end":{"line":37,"column":null}},"16":{"start":{"line":40,"column":14},"end":{"line":40,"column":null}},"17":{"start":{"line":41,"column":8},"end":{"line":41,"column":null}},"18":{"start":{"line":36,"column":13},"end":{"line":36,"column":50}}},"fnMap":{"0":{"name":"(anonymous_14)","decl":{"start":{"line":9,"column":23},"end":{"line":9,"column":null}},"loc":{"start":{"line":9,"column":23},"end":{"line":22,"column":null}}},"1":{"name":"(anonymous_17)","decl":{"start":{"line":27,"column":50},"end":{"line":27,"column":null}},"loc":{"start":{"line":27,"column":50},"end":{"line":31,"column":null}}},"2":{"name":"(anonymous_20)","decl":{"start":{"line":36,"column":50},"end":{"line":36,"column":null}},"loc":{"start":{"line":36,"column":50},"end":{"line":43,"column":null}}}},"branchMap":{"0":{"loc":{"start":{"line":10,"column":4},"end":{"line":10,"column":null}},"type":"switch","locations":[{"start":{"line":10,"column":4},"end":{"line":10,"column":null}}]},"1":{"loc":{"start":{"line":28,"column":4},"end":{"line":28,"column":null}},"type":"switch","locations":[{"start":{"line":28,"column":4},"end":{"line":28,"column":null}}]}},"s":{"0":1,"1":1,"2":1,"3":2,"4":2,"5":1,"6":1,"7":2,"8":1,"9":1,"10":0,"11":0,"12":0,"13":1,"14":2,"15":1,"16":3,"17":6,"18":1},"f":{"0":2,"1":0,"2":2},"b":{"0":[1],"1":[0]}}
}
