TN:
SF:out\server.js
FN:2,(anonymous_0)
FN:3,adopt
FN:3,(anonymous_2)
FN:4,(anonymous_3)
FN:5,fulfilled
FN:6,rejected
FN:7,step
FN:11,(anonymous_7)
FN:12,(anonymous_8)
FN:13,(anonymous_9)
FN:14,verb
FN:14,(anonymous_11)
FN:15,step
FN:38,(anonymous_13)
FN:51,(anonymous_14)
FN:53,(anonymous_15)
FN:72,(anonymous_16)
FN:72,(anonymous_17)
FN:73,(anonymous_18)
FN:77,(anonymous_19)
FN:77,(anonymous_20)
FN:79,(anonymous_21)
FN:88,(anonymous_22)
FN:88,(anonymous_23)
FN:90,(anonymous_24)
FN:104,(anonymous_25)
FN:104,(anonymous_26)
FN:106,(anonymous_27)
FN:127,(anonymous_28)
FN:127,(anonymous_29)
FN:129,(anonymous_30)
FN:141,(anonymous_31)
FN:141,(anonymous_32)
FN:142,(anonymous_33)
FN:149,(anonymous_34)
FN:149,(anonymous_35)
FN:150,(anonymous_36)
FN:157,(anonymous_37)
FN:157,(anonymous_38)
FN:159,(anonymous_39)
FN:179,(anonymous_40)
FN:179,(anonymous_41)
FN:181,(anonymous_42)
FNF:43
FNH:13
FNDA:1,(anonymous_0)
FNDA:0,adopt
FNDA:0,(anonymous_2)
FNDA:1,(anonymous_3)
FNDA:0,fulfilled
FNDA:0,rejected
FNDA:1,step
FNDA:1,(anonymous_7)
FNDA:0,(anonymous_8)
FNDA:0,(anonymous_9)
FNDA:3,verb
FNDA:1,(anonymous_11)
FNDA:1,step
FNDA:4,(anonymous_13)
FNDA:1,(anonymous_14)
FNDA:1,(anonymous_15)
FNDA:1,(anonymous_16)
FNDA:1,(anonymous_17)
FNDA:1,(anonymous_18)
FNDA:0,(anonymous_19)
FNDA:0,(anonymous_20)
FNDA:0,(anonymous_21)
FNDA:0,(anonymous_22)
FNDA:0,(anonymous_23)
FNDA:0,(anonymous_24)
FNDA:0,(anonymous_25)
FNDA:0,(anonymous_26)
FNDA:0,(anonymous_27)
FNDA:0,(anonymous_28)
FNDA:0,(anonymous_29)
FNDA:0,(anonymous_30)
FNDA:0,(anonymous_31)
FNDA:0,(anonymous_32)
FNDA:0,(anonymous_33)
FNDA:0,(anonymous_34)
FNDA:0,(anonymous_35)
FNDA:0,(anonymous_36)
FNDA:0,(anonymous_37)
FNDA:0,(anonymous_38)
FNDA:0,(anonymous_39)
FNDA:0,(anonymous_40)
FNDA:0,(anonymous_41)
FNDA:0,(anonymous_42)
DA:2,1
DA:3,0
DA:4,1
DA:5,0
DA:6,0
DA:7,1
DA:8,1
DA:11,1
DA:12,1
DA:13,1
DA:14,3
DA:16,1
DA:17,2
DA:18,2
DA:19,2
DA:20,2
DA:21,1
DA:22,0
DA:23,0
DA:24,0
DA:26,1
DA:27,0
DA:28,0
DA:29,0
DA:30,0
DA:31,0
DA:33,1
DA:34,2
DA:35,1
DA:38,1
DA:39,4
DA:41,1
DA:42,1
DA:43,1
DA:44,1
DA:45,1
DA:46,1
DA:47,1
DA:48,1
DA:51,1
DA:52,1
DA:53,1
DA:54,1
DA:55,1
DA:58,1
DA:59,1
DA:72,1
DA:73,1
DA:74,1
DA:77,1
DA:79,0
DA:80,0
DA:81,0
DA:83,0
DA:84,0
DA:88,1
DA:90,0
DA:91,0
DA:93,0
DA:94,0
DA:96,0
DA:97,0
DA:104,1
DA:106,0
DA:107,0
DA:108,0
DA:109,0
DA:110,0
DA:111,0
DA:112,0
DA:113,0
DA:115,0
DA:116,0
DA:119,0
DA:121,0
DA:127,1
DA:129,0
DA:130,0
DA:131,0
DA:133,0
DA:134,0
DA:141,1
DA:142,0
DA:143,0
DA:149,1
DA:150,0
DA:151,0
DA:157,1
DA:159,0
DA:160,0
DA:162,0
DA:163,0
DA:165,0
DA:166,0
DA:167,0
DA:170,0
DA:172,0
DA:179,1
DA:181,0
DA:182,0
DA:184,0
DA:185,0
DA:187,0
DA:188,0
DA:189,0
DA:192,0
DA:194,0
DA:198,1
DA:200,1
LF:109
LH:48
BRDA:2,0,0,1
BRDA:2,0,1,1
BRDA:2,0,2,1
BRDA:3,1,0,0
BRDA:3,1,1,0
BRDA:4,2,0,1
BRDA:4,2,1,1
BRDA:7,3,0,1
BRDA:7,3,1,0
BRDA:8,4,0,1
BRDA:8,4,1,1
BRDA:11,5,0,1
BRDA:11,5,1,1
BRDA:11,5,2,1
BRDA:12,6,0,0
BRDA:12,6,1,0
BRDA:13,7,0,1
BRDA:13,7,1,1
BRDA:16,8,0,0
BRDA:16,8,1,1
BRDA:18,9,0,0
BRDA:18,9,1,2
BRDA:18,10,0,2
BRDA:18,10,1,0
BRDA:18,10,2,0
BRDA:18,11,0,0
BRDA:18,11,1,0
BRDA:18,12,0,0
BRDA:18,12,1,0
BRDA:18,13,0,0
BRDA:18,13,1,0
BRDA:18,14,0,0
BRDA:18,14,1,0
BRDA:19,15,0,0
BRDA:19,15,1,2
BRDA:20,16,0,1
BRDA:20,16,1,1
BRDA:20,16,2,0
BRDA:20,16,3,0
BRDA:20,16,4,0
BRDA:20,16,5,1
BRDA:26,17,0,1
BRDA:26,17,1,0
BRDA:26,18,0,1
BRDA:26,18,1,1
BRDA:26,18,2,1
BRDA:26,19,0,1
BRDA:26,19,1,0
BRDA:27,20,0,0
BRDA:27,20,1,0
BRDA:27,21,0,0
BRDA:27,21,1,0
BRDA:27,21,2,0
BRDA:27,21,3,0
BRDA:28,22,0,0
BRDA:28,22,1,0
BRDA:28,23,0,0
BRDA:28,23,1,0
BRDA:29,24,0,0
BRDA:29,24,1,0
BRDA:29,25,0,0
BRDA:29,25,1,0
BRDA:30,26,0,0
BRDA:30,26,1,0
BRDA:35,27,0,0
BRDA:35,27,1,1
BRDA:35,28,0,1
BRDA:35,28,1,0
BRDA:38,29,0,1
BRDA:38,29,1,1
BRDA:38,29,2,1
BRDA:39,30,0,3
BRDA:39,30,1,1
BRDA:39,31,0,4
BRDA:39,31,1,4
BRDA:54,32,0,1
BRDA:54,32,1,0
BRDA:80,33,0,0
BRDA:80,33,1,0
BRDA:91,34,0,0
BRDA:91,34,1,0
BRDA:112,35,0,0
BRDA:112,35,1,0
BRDA:112,36,0,0
BRDA:112,36,1,0
BRDA:115,37,0,0
BRDA:115,37,1,0
BRDA:115,38,0,0
BRDA:115,38,1,0
BRDA:130,39,0,0
BRDA:130,39,1,0
BRDA:160,40,0,0
BRDA:160,40,1,0
BRDA:166,41,0,0
BRDA:166,41,1,0
BRDA:182,42,0,0
BRDA:182,42,1,0
BRDA:188,43,0,0
BRDA:188,43,1,0
BRF:99
BRH:35
end_of_record
TN:
SF:out\models\cat.js
FNF:0
FNH:0
DA:2,1
DA:3,1
DA:4,1
DA:12,1
LF:4
LH:4
BRF:0
BRH:0
end_of_record
TN:
SF:out\models\question.js
FNF:0
FNH:0
DA:2,1
DA:3,1
DA:4,1
DA:32,1
LF:4
LH:4
BRF:0
BRH:0
end_of_record
TN:
SF:out\models\user.js
FNF:0
FNH:0
DA:2,1
DA:3,1
DA:4,1
DA:24,1
LF:4
LH:4
BRF:0
BRH:0
end_of_record
TN:
SF:out\plugins\mongodb.js
FN:2,(anonymous_0)
FN:4,(anonymous_1)
FN:5,(anonymous_2)
FN:9,(anonymous_3)
FN:11,(anonymous_4)
FN:14,(anonymous_5)
FN:21,(anonymous_6)
FN:32,(anonymous_7)
FN:34,(anonymous_8)
FNF:9
FNH:6
FNDA:2,(anonymous_0)
FNDA:1,(anonymous_1)
FNDA:0,(anonymous_2)
FNDA:1,(anonymous_3)
FNDA:0,(anonymous_4)
FNDA:1,(anonymous_5)
FNDA:1,(anonymous_6)
FNDA:1,(anonymous_7)
FNDA:0,(anonymous_8)
DA:2,1
DA:3,2
DA:4,2
DA:6,0
DA:7,0
DA:9,1
DA:10,1
DA:12,0
DA:14,1
DA:15,1
DA:16,1
DA:17,2
DA:18,1
DA:19,1
DA:21,1
DA:22,1
DA:24,1
DA:25,1
DA:26,1
DA:27,1
DA:28,1
DA:29,1
DA:30,1
DA:31,1
DA:32,1
DA:33,1
DA:34,0
DA:35,0
DA:36,0
DA:38,0
DA:42,1
DA:45,1
LF:32
LH:25
BRDA:2,0,0,1
BRDA:2,0,1,1
BRDA:2,0,2,1
BRDA:2,1,0,1
BRDA:2,1,1,0
BRDA:3,2,0,2
BRDA:3,2,1,0
BRDA:6,3,0,0
BRDA:6,3,1,0
BRDA:9,4,0,1
BRDA:9,4,1,1
BRDA:9,4,2,1
BRDA:9,5,0,1
BRDA:9,5,1,0
BRDA:14,6,0,1
BRDA:14,6,1,1
BRDA:14,6,2,1
BRDA:15,7,0,0
BRDA:15,7,1,1
BRDA:15,8,0,1
BRDA:15,8,1,1
BRDA:17,9,0,1
BRDA:17,9,1,0
BRDA:17,10,0,2
BRDA:17,10,1,0
BRDA:17,11,0,2
BRDA:17,11,1,2
BRDA:21,12,0,1
BRDA:21,12,1,1
BRDA:21,12,2,1
BRDA:22,13,0,0
BRDA:22,13,1,1
BRDA:22,14,0,1
BRDA:22,14,1,1
BRDA:29,15,0,1
BRDA:29,15,1,1
BRDA:30,16,0,1
BRDA:30,16,1,1
BRDA:31,17,0,1
BRDA:31,17,1,0
BRDA:33,18,0,0
BRDA:33,18,1,1
BRDA:33,19,0,1
BRDA:33,19,1,0
BRDA:35,20,0,0
BRDA:35,20,1,0
BRF:46
BRH:32
end_of_record
TN:
SF:out\test\db.js
FN:2,(anonymous_0)
FN:3,adopt
FN:3,(anonymous_2)
FN:4,(anonymous_3)
FN:5,fulfilled
FN:6,rejected
FN:7,step
FN:11,(anonymous_7)
FN:12,(anonymous_8)
FN:13,(anonymous_9)
FN:14,verb
FN:14,(anonymous_11)
FN:15,step
FN:38,(anonymous_13)
FN:49,(anonymous_14)
FN:49,(anonymous_15)
FN:51,(anonymous_16)
FN:75,(anonymous_17)
FN:75,(anonymous_18)
FN:76,(anonymous_19)
FN:95,(anonymous_20)
FN:95,(anonymous_21)
FN:97,(anonymous_22)
FNF:23
FNH:17
FNDA:2,(anonymous_0)
FNDA:5,adopt
FNDA:0,(anonymous_2)
FNDA:2,(anonymous_3)
FNDA:5,fulfilled
FNDA:0,rejected
FNDA:7,step
FNDA:2,(anonymous_7)
FNDA:5,(anonymous_8)
FNDA:0,(anonymous_9)
FNDA:6,verb
FNDA:7,(anonymous_11)
FNDA:7,step
FNDA:1,(anonymous_13)
FNDA:1,(anonymous_14)
FNDA:1,(anonymous_15)
FNDA:3,(anonymous_16)
FNDA:0,(anonymous_17)
FNDA:0,(anonymous_18)
FNDA:0,(anonymous_19)
FNDA:1,(anonymous_20)
FNDA:1,(anonymous_21)
FNDA:8,(anonymous_22)
DA:2,1
DA:3,5
DA:4,2
DA:5,5
DA:6,0
DA:7,7
DA:8,2
DA:11,1
DA:12,5
DA:13,2
DA:14,7
DA:16,7
DA:17,18
DA:18,18
DA:19,18
DA:20,18
DA:21,7
DA:22,5
DA:23,0
DA:24,0
DA:26,6
DA:27,4
DA:28,0
DA:29,0
DA:30,0
DA:31,0
DA:33,11
DA:34,18
DA:35,2
DA:38,1
DA:39,1
DA:41,1
DA:42,1
DA:43,1
DA:44,1
DA:45,1
DA:49,1
DA:51,1
DA:52,3
DA:53,1
DA:55,1
DA:56,1
DA:57,1
DA:64,1
DA:66,1
DA:67,1
DA:71,1
DA:75,1
DA:76,0
DA:77,0
DA:78,0
DA:80,0
DA:81,0
DA:83,0
DA:84,0
DA:86,0
DA:87,0
DA:91,1
DA:95,1
DA:97,1
DA:98,8
DA:100,1
DA:101,1
DA:102,1
DA:103,3
DA:104,1
DA:105,1
DA:107,4
DA:108,3
DA:109,3
DA:110,3
DA:112,3
DA:113,3
DA:115,3
DA:116,3
DA:117,1
DA:121,1
LF:77
LH:61
BRDA:2,0,0,1
BRDA:2,0,1,1
BRDA:2,0,2,1
BRDA:3,1,0,5
BRDA:3,1,1,0
BRDA:4,2,0,2
BRDA:4,2,1,2
BRDA:7,3,0,2
BRDA:7,3,1,5
BRDA:8,4,0,2
BRDA:8,4,1,2
BRDA:11,5,0,1
BRDA:11,5,1,1
BRDA:11,5,2,1
BRDA:12,6,0,0
BRDA:12,6,1,5
BRDA:13,7,0,2
BRDA:13,7,1,2
BRDA:16,8,0,0
BRDA:16,8,1,7
BRDA:18,9,0,0
BRDA:18,9,1,18
BRDA:18,10,0,18
BRDA:18,10,1,0
BRDA:18,10,2,0
BRDA:18,11,0,0
BRDA:18,11,1,0
BRDA:18,12,0,0
BRDA:18,12,1,0
BRDA:18,13,0,0
BRDA:18,13,1,0
BRDA:18,14,0,0
BRDA:18,14,1,0
BRDA:19,15,0,0
BRDA:19,15,1,18
BRDA:20,16,0,7
BRDA:20,16,1,7
BRDA:20,16,2,5
BRDA:20,16,3,0
BRDA:20,16,4,0
BRDA:20,16,5,6
BRDA:26,17,0,2
BRDA:26,17,1,4
BRDA:26,18,0,6
BRDA:26,18,1,6
BRDA:26,18,2,6
BRDA:26,19,0,6
BRDA:26,19,1,0
BRDA:27,20,0,4
BRDA:27,20,1,0
BRDA:27,21,0,4
BRDA:27,21,1,4
BRDA:27,21,2,0
BRDA:27,21,3,0
BRDA:28,22,0,0
BRDA:28,22,1,0
BRDA:28,23,0,0
BRDA:28,23,1,0
BRDA:29,24,0,0
BRDA:29,24,1,0
BRDA:29,25,0,0
BRDA:29,25,1,0
BRDA:30,26,0,0
BRDA:30,26,1,0
BRDA:35,27,0,0
BRDA:35,27,1,2
BRDA:35,28,0,2
BRDA:35,28,1,0
BRDA:38,29,0,1
BRDA:38,29,1,1
BRDA:38,29,2,1
BRDA:39,30,0,0
BRDA:39,30,1,1
BRDA:39,31,0,1
BRDA:39,31,1,1
BRDA:52,32,0,1
BRDA:52,32,1,1
BRDA:52,32,2,1
BRDA:77,33,0,0
BRDA:77,33,1,0
BRDA:77,33,2,0
BRDA:77,33,3,0
BRDA:98,34,0,1
BRDA:98,34,1,4
BRDA:98,34,2,3
BRDA:98,34,3,3
BRDA:98,34,4,1
BRDA:107,35,0,1
BRDA:107,35,1,3
BRF:89
BRH:51
end_of_record
TN:
SF:src\server.ts
FN:14,(anonymous_14)
FN:18,(anonymous_15)
FN:38,(anonymous_16)
FN:38,(anonymous_17)
FN:42,(anonymous_19)
FN:42,(anonymous_20)
FN:47,(anonymous_22)
FN:47,(anonymous_23)
FN:56,(anonymous_25)
FN:56,(anonymous_26)
FN:81,(anonymous_28)
FN:81,(anonymous_29)
FN:89,(anonymous_31)
FN:89,(anonymous_32)
FN:96,(anonymous_34)
FN:96,(anonymous_35)
FN:103,(anonymous_37)
FN:103,(anonymous_38)
FN:119,(anonymous_40)
FN:119,(anonymous_41)
FNF:20
FNH:4
FNDA:1,(anonymous_14)
FNDA:1,(anonymous_15)
FNDA:1,(anonymous_16)
FNDA:1,(anonymous_17)
FNDA:0,(anonymous_19)
FNDA:0,(anonymous_20)
FNDA:0,(anonymous_22)
FNDA:0,(anonymous_23)
FNDA:0,(anonymous_25)
FNDA:0,(anonymous_26)
FNDA:0,(anonymous_28)
FNDA:0,(anonymous_29)
FNDA:0,(anonymous_31)
FNDA:0,(anonymous_32)
FNDA:0,(anonymous_34)
FNDA:0,(anonymous_35)
FNDA:0,(anonymous_37)
FNDA:0,(anonymous_38)
FNDA:0,(anonymous_40)
FNDA:0,(anonymous_41)
DA:1,1
DA:3,1
DA:6,1
DA:7,1
DA:8,1
DA:10,1
DA:14,1
DA:16,1
DA:18,1
DA:19,1
DA:20,0
DA:23,1
DA:24,1
DA:38,1
DA:39,1
DA:42,1
DA:43,0
DA:44,0
DA:47,1
DA:48,0
DA:49,0
DA:50,0
DA:56,1
DA:57,0
DA:58,0
DA:59,0
DA:60,0
DA:61,0
DA:63,0
DA:65,0
DA:67,0
DA:69,0
DA:73,0
DA:81,1
DA:82,0
DA:83,0
DA:89,1
DA:96,1
DA:103,1
DA:104,0
DA:105,0
DA:106,0
DA:108,0
DA:112,0
DA:119,1
DA:120,0
DA:121,0
DA:122,0
DA:124,0
DA:128,0
DA:132,1
DA:135,1
LF:52
LH:24
BRDA:19,0,0,0
BRDA:19,0,1,1
BRDA:43,1,0,0
BRDA:63,2,0,0
BRDA:63,2,1,0
BRDA:63,3,0,0
BRDA:63,3,1,0
BRDA:67,4,0,0
BRDA:67,4,1,0
BRDA:67,5,0,0
BRDA:67,5,1,0
BRDA:82,6,0,0
BRDA:106,7,0,0
BRDA:106,7,1,0
BRDA:122,8,0,0
BRDA:122,8,1,0
BRF:16
BRH:1
end_of_record
TN:
SF:src\models\cat.ts
FNF:0
FNH:0
DA:1,1
DA:3,1
DA:15,1
LF:3
LH:3
BRF:0
BRH:0
end_of_record
TN:
SF:src\models\question.ts
FNF:0
FNH:0
DA:2,1
DA:4,1
DA:36,1
LF:3
LH:3
BRF:0
BRH:0
end_of_record
TN:
SF:src\models\user.ts
FNF:0
FNH:0
DA:1,1
DA:3,1
DA:27,1
LF:3
LH:3
BRF:0
BRH:0
end_of_record
TN:
SF:src\plugins\mongodb.ts
FN:9,(anonymous_7)
FN:14,(anonymous_8)
FNF:2
FNH:1
FNDA:1,(anonymous_7)
FNDA:0,(anonymous_8)
DA:1,1
DA:2,1
DA:4,1
DA:5,1
DA:6,1
DA:7,1
DA:9,1
DA:10,1
DA:11,0
DA:15,0
DA:16,0
DA:20,1
DA:24,1
LF:13
LH:10
BRDA:5,0,0,1
BRDA:5,0,1,1
BRDA:6,1,0,1
BRDA:6,1,1,1
BRDA:7,2,0,1
BRDA:7,2,1,0
BRDA:10,3,0,0
BRDA:10,3,1,1
BRDA:10,4,0,1
BRDA:10,4,1,0
BRDA:15,5,0,0
BRDA:15,5,1,0
BRF:12
BRH:7
end_of_record
TN:
SF:src\test\db.ts
FN:9,(anonymous_14)
FN:27,(anonymous_17)
FN:36,(anonymous_20)
FNF:3
FNH:2
FNDA:2,(anonymous_14)
FNDA:0,(anonymous_17)
FNDA:2,(anonymous_20)
DA:1,1
DA:2,1
DA:4,1
DA:9,2
DA:10,2
DA:11,1
DA:13,1
DA:21,2
DA:27,1
DA:28,0
DA:29,0
DA:30,0
DA:36,2
DA:37,1
DA:40,3
DA:41,6
LF:16
LH:13
BRDA:10,0,0,1
BRDA:28,1,0,0
BRF:2
BRH:1
end_of_record
